[ 2018-04-05T17:43:15+08:00 ] 127.0.0.1 /AdminPost/index
INFO: [ app_begin ] --START--
INFO: Run Behavior\ReadHtmlCacheBehavior [ RunTime:0.000524s ]
INFO: Run Behavior\CheckLangBehavior [ RunTime:0.001538s ]
INFO: Run Common\Behavior\UrldecodeGetBehavior [ RunTime:0.000393s ]
INFO: [ app_begin ] --END-- [ RunTime:0.002952s ]
INFO: [ admin_begin ] --START--
INFO: Run Common\Behavior\AdminDefaultLangBehavior [ RunTime:0.001797s ]
INFO: [ admin_begin ] --END-- [ RunTime:0.001858s ]
SQL: SHOW COLUMNS FROM `jz_options` [ RunTime:0.0070s ]
SQL: SELECT `option_value` FROM `jz_options` WHERE `option_name` = 'extract' LIMIT 1   [ RunTime:0.0004s ]
SQL: SELECT `option_value` FROM `jz_options` WHERE `option_name` = 'bonus' LIMIT 1   [ RunTime:0.0005s ]
SQL: SHOW COLUMNS FROM `jz_users` [ RunTime:0.0065s ]
SQL: SELECT * FROM `jz_users` WHERE `id` = '1' LIMIT 1   [ RunTime:0.0003s ]
SQL: SHOW COLUMNS FROM `jz_posts` [ RunTime:0.0057s ]
SQL: SHOW COLUMNS FROM `jz_terms` [ RunTime:0.0050s ]
SQL: SHOW COLUMNS FROM `jz_options` [ RunTime:0.0072s ]
SQL: SHOW COLUMNS FROM `jz_term_relationships` [ RunTime:0.0048s ]
SQL: SELECT COUNT(*) AS tp_count FROM jz_posts a WHERE `post_status` <> 3 AND ( `post_type` = 1 OR `post_type` IS NULL ) LIMIT 1   [ RunTime:0.0002s ]
SQL: SELECT a.*,c.user_login,c.user_nicename FROM jz_posts a INNER JOIN jz_users c ON a.post_author = c.id  WHERE `post_status` <> 3 AND ( `post_type` = 1 OR `post_type` IS NULL ) ORDER BY a.post_date DESC LIMIT 0,20   [ RunTime:0.0003s ]
SQL: SELECT * FROM `jz_terms` ORDER BY `listorder` asc  [ RunTime:0.0002s ]
ERR: 模板不存在:admin/themes/simplebootx/D/\wwwroot\h5qpdy/admin/themes/simplebootx/Portal/AdminPost/index.html.html

[ 2018-04-05T17:43:31+08:00 ] 127.0.0.1 /portal/AdminTerm/index
INFO: [ app_begin ] --START--
INFO: Run Behavior\ReadHtmlCacheBehavior [ RunTime:0.001181s ]
INFO: Run Behavior\CheckLangBehavior [ RunTime:0.002663s ]
INFO: Run Common\Behavior\UrldecodeGetBehavior [ RunTime:0.005040s ]
INFO: [ app_begin ] --END-- [ RunTime:0.009731s ]
INFO: [ admin_begin ] --START--
INFO: Run Common\Behavior\AdminDefaultLangBehavior [ RunTime:0.002613s ]
INFO: [ admin_begin ] --END-- [ RunTime:0.002743s ]
SQL: SHOW COLUMNS FROM `jz_options` [ RunTime:0.0076s ]
SQL: SELECT `option_value` FROM `jz_options` WHERE `option_name` = 'extract' LIMIT 1   [ RunTime:0.0003s ]
SQL: SELECT `option_value` FROM `jz_options` WHERE `option_name` = 'bonus' LIMIT 1   [ RunTime:0.0003s ]
SQL: SHOW COLUMNS FROM `jz_users` [ RunTime:0.0070s ]
SQL: SELECT * FROM `jz_users` WHERE `id` = '1' LIMIT 1   [ RunTime:0.0005s ]
SQL: SHOW COLUMNS FROM `jz_terms` [ RunTime:0.0091s ]
SQL: SELECT * FROM `jz_terms` ORDER BY `listorder` asc  [ RunTime:0.0004s ]
INFO: [ view_parse ] --START--
INFO: [ template_filter ] --START--
INFO: Run Behavior\ContentReplaceBehavior [ RunTime:0.000068s ]
INFO: [ template_filter ] --END-- [ RunTime:0.000122s ]
INFO: Run Behavior\ParseTemplateBehavior [ RunTime:0.076586s ]
INFO: [ view_parse ] --END-- [ RunTime:0.076671s ]
INFO: [ view_filter ] --START--
INFO: Run Behavior\WriteHtmlCacheBehavior [ RunTime:0.000456s ]
INFO: Run Common\Behavior\TmplStripSpaceBehavior [ RunTime:0.000556s ]
INFO: [ view_filter ] --END-- [ RunTime:0.001066s ]
INFO: [ app_end ] --START--
INFO: Run Behavior\ShowPageTraceBehavior [ RunTime:0.001214s ]
INFO: [ app_end ] --END-- [ RunTime:0.001281s ]

[ 2018-04-05T17:43:33+08:00 ] 127.0.0.1 /portal/AdminPost/index
INFO: [ app_begin ] --START--
INFO: Run Behavior\ReadHtmlCacheBehavior [ RunTime:0.001029s ]
INFO: Run Behavior\CheckLangBehavior [ RunTime:0.003945s ]
INFO: Run Common\Behavior\UrldecodeGetBehavior [ RunTime:0.001079s ]
INFO: [ app_begin ] --END-- [ RunTime:0.008536s ]
INFO: [ admin_begin ] --START--
INFO: Run Common\Behavior\AdminDefaultLangBehavior [ RunTime:0.001799s ]
INFO: [ admin_begin ] --END-- [ RunTime:0.001868s ]
SQL: SHOW COLUMNS FROM `jz_options` [ RunTime:0.0058s ]
SQL: SELECT `option_value` FROM `jz_options` WHERE `option_name` = 'extract' LIMIT 1   [ RunTime:0.0005s ]
SQL: SELECT `option_value` FROM `jz_options` WHERE `option_name` = 'bonus' LIMIT 1   [ RunTime:0.0004s ]
SQL: SHOW COLUMNS FROM `jz_users` [ RunTime:0.0077s ]
SQL: SELECT * FROM `jz_users` WHERE `id` = '1' LIMIT 1   [ RunTime:0.0004s ]
SQL: SHOW COLUMNS FROM `jz_posts` [ RunTime:0.0081s ]
SQL: SHOW COLUMNS FROM `jz_terms` [ RunTime:0.0068s ]
SQL: SHOW COLUMNS FROM `jz_options` [ RunTime:0.0151s ]
SQL: SHOW COLUMNS FROM `jz_term_relationships` [ RunTime:0.0080s ]
SQL: SELECT COUNT(*) AS tp_count FROM jz_posts a WHERE `post_status` <> 3 AND ( `post_type` = 1 OR `post_type` IS NULL ) LIMIT 1   [ RunTime:0.0005s ]
SQL: SELECT a.*,c.user_login,c.user_nicename FROM jz_posts a INNER JOIN jz_users c ON a.post_author = c.id  WHERE `post_status` <> 3 AND ( `post_type` = 1 OR `post_type` IS NULL ) ORDER BY a.post_date DESC LIMIT 0,20   [ RunTime:0.0005s ]
SQL: SELECT * FROM `jz_terms` ORDER BY `listorder` asc  [ RunTime:0.0003s ]
ERR: 模板不存在:admin/themes/simplebootx/D/\wwwroot\h5qpdy/admin/themes/simplebootx/Portal/AdminPost/index.html.html

[ 2018-04-05T17:43:42+08:00 ] 127.0.0.1 /Portal/AdminUser/editMoney
INFO: [ app_begin ] --START--
INFO: Run Behavior\ReadHtmlCacheBehavior [ RunTime:0.000790s ]
INFO: Run Behavior\CheckLangBehavior [ RunTime:0.001696s ]
INFO: Run Common\Behavior\UrldecodeGetBehavior [ RunTime:0.000428s ]
INFO: [ app_begin ] --END-- [ RunTime:0.003590s ]
INFO: [ admin_begin ] --START--
INFO: Run Common\Behavior\AdminDefaultLangBehavior [ RunTime:0.002638s ]
INFO: [ admin_begin ] --END-- [ RunTime:0.002776s ]
SQL: SHOW COLUMNS FROM `jz_options` [ RunTime:0.0083s ]
SQL: SELECT `option_value` FROM `jz_options` WHERE `option_name` = 'extract' LIMIT 1   [ RunTime:0.0004s ]
SQL: SELECT `option_value` FROM `jz_options` WHERE `option_name` = 'bonus' LIMIT 1   [ RunTime:0.0004s ]
SQL: SHOW COLUMNS FROM `jz_users` [ RunTime:0.0063s ]
SQL: SELECT * FROM `jz_users` WHERE `id` = '1' LIMIT 1   [ RunTime:0.0003s ]
SQL: SHOW COLUMNS FROM `jz_user` [ RunTime:0.0089s ]
SQL: SHOW COLUMNS FROM `jz_all_record` [ RunTime:0.0071s ]
SQL: SELECT COUNT(*) AS tp_count FROM `jz_all_record` WHERE `type` = 'systerm' LIMIT 1   [ RunTime:0.0003s ]
SQL: SELECT * FROM `jz_all_record` WHERE `type` = 'systerm' ORDER BY `id` desc LIMIT 0,20   [ RunTime:0.0007s ]
INFO: [ view_parse ] --START--
INFO: [ template_filter ] --START--
INFO: Run Behavior\ContentReplaceBehavior [ RunTime:0.000059s ]
INFO: [ template_filter ] --END-- [ RunTime:0.000094s ]
INFO: Run Behavior\ParseTemplateBehavior [ RunTime:0.012242s ]
INFO: [ view_parse ] --END-- [ RunTime:0.012291s ]
INFO: [ view_filter ] --START--
INFO: Run Behavior\WriteHtmlCacheBehavior [ RunTime:0.000414s ]
INFO: Run Common\Behavior\TmplStripSpaceBehavior [ RunTime:0.000400s ]
INFO: [ view_filter ] --END-- [ RunTime:0.000858s ]
INFO: [ app_end ] --START--
INFO: Run Behavior\ShowPageTraceBehavior [ RunTime:0.000794s ]
INFO: [ app_end ] --END-- [ RunTime:0.000837s ]

[ 2018-04-05T17:43:44+08:00 ] 127.0.0.1 /Portal/AdminYouxi/GameList
INFO: [ app_begin ] --START--
INFO: Run Behavior\ReadHtmlCacheBehavior [ RunTime:0.002162s ]
INFO: Run Behavior\CheckLangBehavior [ RunTime:0.003992s ]
INFO: Run Common\Behavior\UrldecodeGetBehavior [ RunTime:0.000419s ]
INFO: [ app_begin ] --END-- [ RunTime:0.007589s ]
INFO: [ admin_begin ] --START--
INFO: Run Common\Behavior\AdminDefaultLangBehavior [ RunTime:0.003101s ]
INFO: [ admin_begin ] --END-- [ RunTime:0.003182s ]
SQL: SHOW COLUMNS FROM `jz_options` [ RunTime:0.0067s ]
SQL: SELECT `option_value` FROM `jz_options` WHERE `option_name` = 'extract' LIMIT 1   [ RunTime:0.0003s ]
SQL: SELECT `option_value` FROM `jz_options` WHERE `option_name` = 'bonus' LIMIT 1   [ RunTime:0.0002s ]
SQL: SHOW COLUMNS FROM `jz_users` [ RunTime:0.0066s ]
SQL: SELECT * FROM `jz_users` WHERE `id` = '1' LIMIT 1   [ RunTime:0.0004s ]
NOTIC: [8] Undefined index: name D:\wwwroot\h5qpdy\application\Portal\Controller\AdminYouxiController.class.php 第 30 行.
SQL: SHOW COLUMNS FROM `jz_game` [ RunTime:0.0076s ]
SQL: SELECT COUNT(*) AS tp_count FROM `jz_game` WHERE (  1=1  ) LIMIT 1   [ RunTime:0.0003s ]
SQL: SELECT * FROM `jz_game` WHERE (  1=1  ) ORDER BY `sort` desc LIMIT 0,10   [ RunTime:0.0005s ]
SQL: SHOW COLUMNS FROM `jz_route` [ RunTime:0.0060s ]
SQL: SELECT * FROM `jz_route` WHERE ( status=1 ) ORDER BY listorder asc  [ RunTime:0.0002s ]
INFO: [ view_parse ] --START--
INFO: [ template_filter ] --START--
INFO: Run Behavior\ContentReplaceBehavior [ RunTime:0.000097s ]
INFO: [ template_filter ] --END-- [ RunTime:0.000146s ]
NOTIC: [8] Use of undefined constant name - assumed 'name' D:\wwwroot\h5qpdy\data\runtime\Cache\Portal\aa842b3c3712cb05480cb724547eceb7.php 第 58 行.
NOTIC: [8] Undefined index: name D:\wwwroot\h5qpdy\data\runtime\Cache\Portal\aa842b3c3712cb05480cb724547eceb7.php 第 58 行.
NOTIC: [8] Undefined variable: formget D:\wwwroot\h5qpdy\data\runtime\Cache\Portal\aa842b3c3712cb05480cb724547eceb7.php 第 100 行.
INFO: Run Behavior\ParseTemplateBehavior [ RunTime:0.009556s ]
INFO: [ view_parse ] --END-- [ RunTime:0.009590s ]
INFO: [ view_filter ] --START--
INFO: Run Behavior\WriteHtmlCacheBehavior [ RunTime:0.001639s ]
INFO: Run Common\Behavior\TmplStripSpaceBehavior [ RunTime:0.001187s ]
INFO: [ view_filter ] --END-- [ RunTime:0.002931s ]
INFO: [ app_end ] --START--
INFO: Run Behavior\ShowPageTraceBehavior [ RunTime:0.001470s ]
INFO: [ app_end ] --END-- [ RunTime:0.001525s ]

[ 2018-04-05T17:43:45+08:00 ] 127.0.0.1 /Portal/AdminYouxi/RuleList
INFO: [ app_begin ] --START--
INFO: Run Behavior\ReadHtmlCacheBehavior [ RunTime:0.001035s ]
INFO: Run Behavior\CheckLangBehavior [ RunTime:0.001580s ]
INFO: Run Common\Behavior\UrldecodeGetBehavior [ RunTime:0.000611s ]
INFO: [ app_begin ] --END-- [ RunTime:0.003918s ]
INFO: [ admin_begin ] --START--
INFO: Run Common\Behavior\AdminDefaultLangBehavior [ RunTime:0.002507s ]
INFO: [ admin_begin ] --END-- [ RunTime:0.002594s ]
SQL: SHOW COLUMNS FROM `jz_options` [ RunTime:0.0053s ]
SQL: SELECT `option_value` FROM `jz_options` WHERE `option_name` = 'extract' LIMIT 1   [ RunTime:0.0002s ]
SQL: SELECT `option_value` FROM `jz_options` WHERE `option_name` = 'bonus' LIMIT 1   [ RunTime:0.0002s ]
SQL: SHOW COLUMNS FROM `jz_users` [ RunTime:0.0062s ]
SQL: SELECT * FROM `jz_users` WHERE `id` = '1' LIMIT 1   [ RunTime:0.0005s ]
NOTIC: [8] Undefined index: name D:\wwwroot\h5qpdy\application\Portal\Controller\AdminYouxiController.class.php 第 84 行.
NOTIC: [8] Undefined index: type D:\wwwroot\h5qpdy\application\Portal\Controller\AdminYouxiController.class.php 第 87 行.
SQL: SHOW COLUMNS FROM `jz_rule` [ RunTime:0.0059s ]
SQL: SELECT COUNT(*) AS tp_count FROM `jz_rule` WHERE (  1=1  ) LIMIT 1   [ RunTime:0.0003s ]
SQL: SELECT * FROM `jz_rule` WHERE (  1=1  ) ORDER BY `id` desc LIMIT 0,10   [ RunTime:0.0005s ]
SQL: SHOW COLUMNS FROM `jz_game` [ RunTime:0.0066s ]
SQL: SELECT * FROM `jz_game`  [ RunTime:0.0005s ]
INFO: [ view_parse ] --START--
INFO: [ template_filter ] --START--
INFO: Run Behavior\ContentReplaceBehavior [ RunTime:0.000084s ]
INFO: [ template_filter ] --END-- [ RunTime:0.000117s ]
NOTIC: [8] Use of undefined constant id - assumed 'id' D:\wwwroot\h5qpdy\data\runtime\Cache\Portal\99ea5d8ed120167f4dde21f38698b677.php 第 61 行.
NOTIC: [8] Use of undefined constant type - assumed 'type' D:\wwwroot\h5qpdy\data\runtime\Cache\Portal\99ea5d8ed120167f4dde21f38698b677.php 第 61 行.
NOTIC: [8] Undefined index: type D:\wwwroot\h5qpdy\data\runtime\Cache\Portal\99ea5d8ed120167f4dde21f38698b677.php 第 61 行.
NOTIC: [8] Use of undefined constant id - assumed 'id' D:\wwwroot\h5qpdy\data\runtime\Cache\Portal\99ea5d8ed120167f4dde21f38698b677.php 第 61 行.
NOTIC: [8] Use of undefined constant type - assumed 'type' D:\wwwroot\h5qpdy\data\runtime\Cache\Portal\99ea5d8ed120167f4dde21f38698b677.php 第 61 行.
NOTIC: [8] Undefined index: type D:\wwwroot\h5qpdy\data\runtime\Cache\Portal\99ea5d8ed120167f4dde21f38698b677.php 第 61 行.
NOTIC: [8] Use of undefined constant id - assumed 'id' D:\wwwroot\h5qpdy\data\runtime\Cache\Portal\99ea5d8ed120167f4dde21f38698b677.php 第 61 行.
NOTIC: [8] Use of undefined constant type - assumed 'type' D:\wwwroot\h5qpdy\data\runtime\Cache\Portal\99ea5d8ed120167f4dde21f38698b677.php 第 61 行.
NOTIC: [8] Undefined index: type D:\wwwroot\h5qpdy\data\runtime\Cache\Portal\99ea5d8ed120167f4dde21f38698b677.php 第 61 行.
NOTIC: [8] Use of undefined constant id - assumed 'id' D:\wwwroot\h5qpdy\data\runtime\Cache\Portal\99ea5d8ed120167f4dde21f38698b677.php 第 61 行.
NOTIC: [8] Use of undefined constant type - assumed 'type' D:\wwwroot\h5qpdy\data\runtime\Cache\Portal\99ea5d8ed120167f4dde21f38698b677.php 第 61 行.
NOTIC: [8] Undefined index: type D:\wwwroot\h5qpdy\data\runtime\Cache\Portal\99ea5d8ed120167f4dde21f38698b677.php 第 61 行.
NOTIC: [8] Use of undefined constant id - assumed 'id' D:\wwwroot\h5qpdy\data\runtime\Cache\Portal\99ea5d8ed120167f4dde21f38698b677.php 第 61 行.
NOTIC: [8] Use of undefined constant type - assumed 'type' D:\wwwroot\h5qpdy\data\runtime\Cache\Portal\99ea5d8ed120167f4dde21f38698b677.php 第 61 行.
NOTIC: [8] Undefined index: type D:\wwwroot\h5qpdy\data\runtime\Cache\Portal\99ea5d8ed120167f4dde21f38698b677.php 第 61 行.
NOTIC: [8] Use of undefined constant id - assumed 'id' D:\wwwroot\h5qpdy\data\runtime\Cache\Portal\99ea5d8ed120167f4dde21f38698b677.php 第 61 行.
NOTIC: [8] Use of undefined constant type - assumed 'type' D:\wwwroot\h5qpdy\data\runtime\Cache\Portal\99ea5d8ed120167f4dde21f38698b677.php 第 61 行.
NOTIC: [8] Undefined index: type D:\wwwroot\h5qpdy\data\runtime\Cache\Portal\99ea5d8ed120167f4dde21f38698b677.php 第 61 行.
NOTIC: [8] Use of undefined constant id - assumed 'id' D:\wwwroot\h5qpdy\data\runtime\Cache\Portal\99ea5d8ed120167f4dde21f38698b677.php 第 61 行.
NOTIC: [8] Use of undefined constant type - assumed 'type' D:\wwwroot\h5qpdy\data\runtime\Cache\Portal\99ea5d8ed120167f4dde21f38698b677.php 第 61 行.
NOTIC: [8] Undefined index: type D:\wwwroot\h5qpdy\data\runtime\Cache\Portal\99ea5d8ed120167f4dde21f38698b677.php 第 61 行.
NOTIC: [8] Use of undefined constant id - assumed 'id' D:\wwwroot\h5qpdy\data\runtime\Cache\Portal\99ea5d8ed120167f4dde21f38698b677.php 第 61 行.
NOTIC: [8] Use of undefined constant type - assumed 'type' D:\wwwroot\h5qpdy\data\runtime\Cache\Portal\99ea5d8ed120167f4dde21f38698b677.php 第 61 行.
NOTIC: [8] Undefined index: type D:\wwwroot\h5qpdy\data\runtime\Cache\Portal\99ea5d8ed120167f4dde21f38698b677.php 第 61 行.
NOTIC: [8] Use of undefined constant id - assumed 'id' D:\wwwroot\h5qpdy\data\runtime\Cache\Portal\99ea5d8ed120167f4dde21f38698b677.php 第 61 行.
NOTIC: [8] Use of undefined constant type - assumed 'type' D:\wwwroot\h5qpdy\data\runtime\Cache\Portal\99ea5d8ed120167f4dde21f38698b677.php 第 61 行.
NOTIC: [8] Undefined index: type D:\wwwroot\h5qpdy\data\runtime\Cache\Portal\99ea5d8ed120167f4dde21f38698b677.php 第 61 行.
NOTIC: [8] Use of undefined constant id - assumed 'id' D:\wwwroot\h5qpdy\data\runtime\Cache\Portal\99ea5d8ed120167f4dde21f38698b677.php 第 61 行.
NOTIC: [8] Use of undefined constant type - assumed 'type' D:\wwwroot\h5qpdy\data\runtime\Cache\Portal\99ea5d8ed120167f4dde21f38698b677.php 第 61 行.
NOTIC: [8] Undefined index: type D:\wwwroot\h5qpdy\data\runtime\Cache\Portal\99ea5d8ed120167f4dde21f38698b677.php 第 61 行.
NOTIC: [8] Use of undefined constant id - assumed 'id' D:\wwwroot\h5qpdy\data\runtime\Cache\Portal\99ea5d8ed120167f4dde21f38698b677.php 第 61 行.
NOTIC: [8] Use of undefined constant type - assumed 'type' D:\wwwroot\h5qpdy\data\runtime\Cache\Portal\99ea5d8ed120167f4dde21f38698b677.php 第 61 行.
NOTIC: [8] Undefined index: type D:\wwwroot\h5qpdy\data\runtime\Cache\Portal\99ea5d8ed120167f4dde21f38698b677.php 第 61 行.
NOTIC: [8] Use of undefined constant id - assumed 'id' D:\wwwroot\h5qpdy\data\runtime\Cache\Portal\99ea5d8ed120167f4dde21f38698b677.php 第 61 行.
NOTIC: [8] Use of undefined constant type - assumed 'type' D:\wwwroot\h5qpdy\data\runtime\Cache\Portal\99ea5d8ed120167f4dde21f38698b677.php 第 61 行.
NOTIC: [8] Undefined index: type D:\wwwroot\h5qpdy\data\runtime\Cache\Portal\99ea5d8ed120167f4dde21f38698b677.php 第 61 行.
NOTIC: [8] Use of undefined constant id - assumed 'id' D:\wwwroot\h5qpdy\data\runtime\Cache\Portal\99ea5d8ed120167f4dde21f38698b677.php 第 61 行.
NOTIC: [8] Use of undefined constant type - assumed 'type' D:\wwwroot\h5qpdy\data\runtime\Cache\Portal\99ea5d8ed120167f4dde21f38698b677.php 第 61 行.
NOTIC: [8] Undefined index: type D:\wwwroot\h5qpdy\data\runtime\Cache\Portal\99ea5d8ed120167f4dde21f38698b677.php 第 61 行.
NOTIC: [8] Use of undefined constant id - assumed 'id' D:\wwwroot\h5qpdy\data\runtime\Cache\Portal\99ea5d8ed120167f4dde21f38698b677.php 第 61 行.
NOTIC: [8] Use of undefined constant type - assumed 'type' D:\wwwroot\h5qpdy\data\runtime\Cache\Portal\99ea5d8ed120167f4dde21f38698b677.php 第 61 行.
NOTIC: [8] Undefined index: type D:\wwwroot\h5qpdy\data\runtime\Cache\Portal\99ea5d8ed120167f4dde21f38698b677.php 第 61 行.
NOTIC: [8] Use of undefined constant id - assumed 'id' D:\wwwroot\h5qpdy\data\runtime\Cache\Portal\99ea5d8ed120167f4dde21f38698b677.php 第 61 行.
NOTIC: [8] Use of undefined constant type - assumed 'type' D:\wwwroot\h5qpdy\data\runtime\Cache\Portal\99ea5d8ed120167f4dde21f38698b677.php 第 61 行.
NOTIC: [8] Undefined index: type D:\wwwroot\h5qpdy\data\runtime\Cache\Portal\99ea5d8ed120167f4dde21f38698b677.php 第 61 行.
NOTIC: [8] Use of undefined constant id - assumed 'id' D:\wwwroot\h5qpdy\data\runtime\Cache\Portal\99ea5d8ed120167f4dde21f38698b677.php 第 61 行.
NOTIC: [8] Use of undefined constant type - assumed 'type' D:\wwwroot\h5qpdy\data\runtime\Cache\Portal\99ea5d8ed120167f4dde21f38698b677.php 第 61 行.
NOTIC: [8] Undefined index: type D:\wwwroot\h5qpdy\data\runtime\Cache\Portal\99ea5d8ed120167f4dde21f38698b677.php 第 61 行.
NOTIC: [8] Use of undefined constant id - assumed 'id' D:\wwwroot\h5qpdy\data\runtime\Cache\Portal\99ea5d8ed120167f4dde21f38698b677.php 第 61 行.
NOTIC: [8] Use of undefined constant type - assumed 'type' D:\wwwroot\h5qpdy\data\runtime\Cache\Portal\99ea5d8ed120167f4dde21f38698b677.php 第 61 行.
NOTIC: [8] Undefined index: type D:\wwwroot\h5qpdy\data\runtime\Cache\Portal\99ea5d8ed120167f4dde21f38698b677.php 第 61 行.
NOTIC: [8] Use of undefined constant id - assumed 'id' D:\wwwroot\h5qpdy\data\runtime\Cache\Portal\99ea5d8ed120167f4dde21f38698b677.php 第 61 行.
NOTIC: [8] Use of undefined constant type - assumed 'type' D:\wwwroot\h5qpdy\data\runtime\Cache\Portal\99ea5d8ed120167f4dde21f38698b677.php 第 61 行.
NOTIC: [8] Undefined index: type D:\wwwroot\h5qpdy\data\runtime\Cache\Portal\99ea5d8ed120167f4dde21f38698b677.php 第 61 行.
NOTIC: [8] Use of undefined constant id - assumed 'id' D:\wwwroot\h5qpdy\data\runtime\Cache\Portal\99ea5d8ed120167f4dde21f38698b677.php 第 61 行.
NOTIC: [8] Use of undefined constant type - assumed 'type' D:\wwwroot\h5qpdy\data\runtime\Cache\Portal\99ea5d8ed120167f4dde21f38698b677.php 第 61 行.
NOTIC: [8] Undefined index: type D:\wwwroot\h5qpdy\data\runtime\Cache\Portal\99ea5d8ed120167f4dde21f38698b677.php 第 61 行.
NOTIC: [8] Use of undefined constant id - assumed 'id' D:\wwwroot\h5qpdy\data\runtime\Cache\Portal\99ea5d8ed120167f4dde21f38698b677.php 第 61 行.
NOTIC: [8] Use of undefined constant type - assumed 'type' D:\wwwroot\h5qpdy\data\runtime\Cache\Portal\99ea5d8ed120167f4dde21f38698b677.php 第 61 行.
NOTIC: [8] Undefined index: type D:\wwwroot\h5qpdy\data\runtime\Cache\Portal\99ea5d8ed120167f4dde21f38698b677.php 第 61 行.
NOTIC: [8] Use of undefined constant id - assumed 'id' D:\wwwroot\h5qpdy\data\runtime\Cache\Portal\99ea5d8ed120167f4dde21f38698b677.php 第 61 行.
NOTIC: [8] Use of undefined constant type - assumed 'type' D:\wwwroot\h5qpdy\data\runtime\Cache\Portal\99ea5d8ed120167f4dde21f38698b677.php 第 61 行.
NOTIC: [8] Undefined index: type D:\wwwroot\h5qpdy\data\runtime\Cache\Portal\99ea5d8ed120167f4dde21f38698b677.php 第 61 行.
NOTIC: [8] Use of undefined constant id - assumed 'id' D:\wwwroot\h5qpdy\data\runtime\Cache\Portal\99ea5d8ed120167f4dde21f38698b677.php 第 61 行.
NOTIC: [8] Use of undefined constant type - assumed 'type' D:\wwwroot\h5qpdy\data\runtime\Cache\Portal\99ea5d8ed120167f4dde21f38698b677.php 第 61 行.
NOTIC: [8] Undefined index: type D:\wwwroot\h5qpdy\data\runtime\Cache\Portal\99ea5d8ed120167f4dde21f38698b677.php 第 61 行.
NOTIC: [8] Use of undefined constant id - assumed 'id' D:\wwwroot\h5qpdy\data\runtime\Cache\Portal\99ea5d8ed120167f4dde21f38698b677.php 第 61 行.
NOTIC: [8] Use of undefined constant type - assumed 'type' D:\wwwroot\h5qpdy\data\runtime\Cache\Portal\99ea5d8ed120167f4dde21f38698b677.php 第 61 行.
NOTIC: [8] Undefined index: type D:\wwwroot\h5qpdy\data\runtime\Cache\Portal\99ea5d8ed120167f4dde21f38698b677.php 第 61 行.
NOTIC: [8] Use of undefined constant id - assumed 'id' D:\wwwroot\h5qpdy\data\runtime\Cache\Portal\99ea5d8ed120167f4dde21f38698b677.php 第 61 行.
NOTIC: [8] Use of undefined constant type - assumed 'type' D:\wwwroot\h5qpdy\data\runtime\Cache\Portal\99ea5d8ed120167f4dde21f38698b677.php 第 61 行.
NOTIC: [8] Undefined index: type D:\wwwroot\h5qpdy\data\runtime\Cache\Portal\99ea5d8ed120167f4dde21f38698b677.php 第 61 行.
NOTIC: [8] Use of undefined constant id - assumed 'id' D:\wwwroot\h5qpdy\data\runtime\Cache\Portal\99ea5d8ed120167f4dde21f38698b677.php 第 61 行.
NOTIC: [8] Use of undefined constant type - assumed 'type' D:\wwwroot\h5qpdy\data\runtime\Cache\Portal\99ea5d8ed120167f4dde21f38698b677.php 第 61 行.
NOTIC: [8] Undefined index: type D:\wwwroot\h5qpdy\data\runtime\Cache\Portal\99ea5d8ed120167f4dde21f38698b677.php 第 61 行.
NOTIC: [8] Use of undefined constant id - assumed 'id' D:\wwwroot\h5qpdy\data\runtime\Cache\Portal\99ea5d8ed120167f4dde21f38698b677.php 第 61 行.
NOTIC: [8] Use of undefined constant type - assumed 'type' D:\wwwroot\h5qpdy\data\runtime\Cache\Portal\99ea5d8ed120167f4dde21f38698b677.php 第 61 行.
NOTIC: [8] Undefined index: type D:\wwwroot\h5qpdy\data\runtime\Cache\Portal\99ea5d8ed120167f4dde21f38698b677.php 第 61 行.
NOTIC: [8] Use of undefined constant id - assumed 'id' D:\wwwroot\h5qpdy\data\runtime\Cache\Portal\99ea5d8ed120167f4dde21f38698b677.php 第 61 行.
NOTIC: [8] Use of undefined constant type - assumed 'type' D:\wwwroot\h5qpdy\data\runtime\Cache\Portal\99ea5d8ed120167f4dde21f38698b677.php 第 61 行.
NOTIC: [8] Undefined index: type D:\wwwroot\h5qpdy\data\runtime\Cache\Portal\99ea5d8ed120167f4dde21f38698b677.php 第 61 行.
NOTIC: [8] Use of undefined constant id - assumed 'id' D:\wwwroot\h5qpdy\data\runtime\Cache\Portal\99ea5d8ed120167f4dde21f38698b677.php 第 61 行.
NOTIC: [8] Use of undefined constant type - assumed 'type' D:\wwwroot\h5qpdy\data\runtime\Cache\Portal\99ea5d8ed120167f4dde21f38698b677.php 第 61 行.
NOTIC: [8] Undefined index: type D:\wwwroot\h5qpdy\data\runtime\Cache\Portal\99ea5d8ed120167f4dde21f38698b677.php 第 61 行.
NOTIC: [8] Use of undefined constant name - assumed 'name' D:\wwwroot\h5qpdy\data\runtime\Cache\Portal\99ea5d8ed120167f4dde21f38698b677.php 第 65 行.
NOTIC: [8] Undefined index: name D:\wwwroot\h5qpdy\data\runtime\Cache\Portal\99ea5d8ed120167f4dde21f38698b677.php 第 65 行.
SQL: SELECT * FROM `jz_game` WHERE `id` = 28 LIMIT 1   [ RunTime:0.0003s ]
SQL: SELECT * FROM `jz_game` WHERE `id` = 27 LIMIT 1   [ RunTime:0.0004s ]
SQL: SELECT * FROM `jz_game` WHERE `id` = 27 LIMIT 1   [ RunTime:0.0004s ]
SQL: SELECT * FROM `jz_game` WHERE `id` = 26 LIMIT 1   [ RunTime:0.0004s ]
SQL: SELECT * FROM `jz_game` WHERE `id` = 23 LIMIT 1   [ RunTime:0.0004s ]
SQL: SELECT * FROM `jz_game` WHERE `id` = 22 LIMIT 1   [ RunTime:0.0003s ]
SQL: SELECT * FROM `jz_game` WHERE `id` = 22 LIMIT 1   [ RunTime:0.0003s ]
SQL: SELECT * FROM `jz_game` WHERE `id` = 20 LIMIT 1   [ RunTime:0.0003s ]
SQL: SELECT * FROM `jz_game` WHERE `id` = 20 LIMIT 1   [ RunTime:0.0003s ]
SQL: SELECT * FROM `jz_game` WHERE `id` = 21 LIMIT 1   [ RunTime:0.0004s ]
NOTIC: [8] Undefined variable: formget D:\wwwroot\h5qpdy\data\runtime\Cache\Portal\99ea5d8ed120167f4dde21f38698b677.php 第 104 行.
INFO: Run Behavior\ParseTemplateBehavior [ RunTime:0.019918s ]
INFO: [ view_parse ] --END-- [ RunTime:0.019968s ]
INFO: [ view_filter ] --START--
INFO: Run Behavior\WriteHtmlCacheBehavior [ RunTime:0.000882s ]
INFO: Run Common\Behavior\TmplStripSpaceBehavior [ RunTime:0.000771s ]
INFO: [ view_filter ] --END-- [ RunTime:0.001757s ]
INFO: [ app_end ] --START--
INFO: Run Behavior\ShowPageTraceBehavior [ RunTime:0.000999s ]
INFO: [ app_end ] --END-- [ RunTime:0.001056s ]

[ 2018-04-05T17:43:46+08:00 ] 127.0.0.1 /Portal/AdminYouxi/RuleList
INFO: [ app_begin ] --START--
INFO: Run Behavior\ReadHtmlCacheBehavior [ RunTime:0.000788s ]
INFO: Run Behavior\CheckLangBehavior [ RunTime:0.001551s ]
INFO: Run Common\Behavior\UrldecodeGetBehavior [ RunTime:0.000589s ]
INFO: [ app_begin ] --END-- [ RunTime:0.003711s ]
INFO: [ admin_begin ] --START--
INFO: Run Common\Behavior\AdminDefaultLangBehavior [ RunTime:0.001635s ]
INFO: [ admin_begin ] --END-- [ RunTime:0.001700s ]
SQL: SHOW COLUMNS FROM `jz_options` [ RunTime:0.0068s ]
SQL: SELECT `option_value` FROM `jz_options` WHERE `option_name` = 'extract' LIMIT 1   [ RunTime:0.0003s ]
SQL: SELECT `option_value` FROM `jz_options` WHERE `option_name` = 'bonus' LIMIT 1   [ RunTime:0.0002s ]
SQL: SHOW COLUMNS FROM `jz_users` [ RunTime:0.0055s ]
SQL: SELECT * FROM `jz_users` WHERE `id` = '1' LIMIT 1   [ RunTime:0.0004s ]
NOTIC: [8] Undefined index: name D:\wwwroot\h5qpdy\application\Portal\Controller\AdminYouxiController.class.php 第 84 行.
NOTIC: [8] Undefined index: type D:\wwwroot\h5qpdy\application\Portal\Controller\AdminYouxiController.class.php 第 87 行.
SQL: SHOW COLUMNS FROM `jz_rule` [ RunTime:0.0050s ]
SQL: SELECT COUNT(*) AS tp_count FROM `jz_rule` WHERE (  1=1  ) LIMIT 1   [ RunTime:0.0003s ]
SQL: SELECT * FROM `jz_rule` WHERE (  1=1  ) ORDER BY `id` desc LIMIT 0,10   [ RunTime:0.0006s ]
SQL: SHOW COLUMNS FROM `jz_game` [ RunTime:0.0068s ]
SQL: SELECT * FROM `jz_game`  [ RunTime:0.0003s ]
INFO: [ view_parse ] --START--
INFO: [ template_filter ] --START--
INFO: Run Behavior\ContentReplaceBehavior [ RunTime:0.000210s ]
INFO: [ template_filter ] --END-- [ RunTime:0.000253s ]
NOTIC: [8] Use of undefined constant id - assumed 'id' D:\wwwroot\h5qpdy\data\runtime\Cache\Portal\99ea5d8ed120167f4dde21f38698b677.php 第 61 行.
NOTIC: [8] Use of undefined constant type - assumed 'type' D:\wwwroot\h5qpdy\data\runtime\Cache\Portal\99ea5d8ed120167f4dde21f38698b677.php 第 61 行.
NOTIC: [8] Undefined index: type D:\wwwroot\h5qpdy\data\runtime\Cache\Portal\99ea5d8ed120167f4dde21f38698b677.php 第 61 行.
NOTIC: [8] Use of undefined constant id - assumed 'id' D:\wwwroot\h5qpdy\data\runtime\Cache\Portal\99ea5d8ed120167f4dde21f38698b677.php 第 61 行.
NOTIC: [8] Use of undefined constant type - assumed 'type' D:\wwwroot\h5qpdy\data\runtime\Cache\Portal\99ea5d8ed120167f4dde21f38698b677.php 第 61 行.
NOTIC: [8] Undefined index: type D:\wwwroot\h5qpdy\data\runtime\Cache\Portal\99ea5d8ed120167f4dde21f38698b677.php 第 61 行.
NOTIC: [8] Use of undefined constant id - assumed 'id' D:\wwwroot\h5qpdy\data\runtime\Cache\Portal\99ea5d8ed120167f4dde21f38698b677.php 第 61 行.
NOTIC: [8] Use of undefined constant type - assumed 'type' D:\wwwroot\h5qpdy\data\runtime\Cache\Portal\99ea5d8ed120167f4dde21f38698b677.php 第 61 行.
NOTIC: [8] Undefined index: type D:\wwwroot\h5qpdy\data\runtime\Cache\Portal\99ea5d8ed120167f4dde21f38698b677.php 第 61 行.
NOTIC: [8] Use of undefined constant id - assumed 'id' D:\wwwroot\h5qpdy\data\runtime\Cache\Portal\99ea5d8ed120167f4dde21f38698b677.php 第 61 行.
NOTIC: [8] Use of undefined constant type - assumed 'type' D:\wwwroot\h5qpdy\data\runtime\Cache\Portal\99ea5d8ed120167f4dde21f38698b677.php 第 61 行.
NOTIC: [8] Undefined index: type D:\wwwroot\h5qpdy\data\runtime\Cache\Portal\99ea5d8ed120167f4dde21f38698b677.php 第 61 行.
NOTIC: [8] Use of undefined constant id - assumed 'id' D:\wwwroot\h5qpdy\data\runtime\Cache\Portal\99ea5d8ed120167f4dde21f38698b677.php 第 61 行.
NOTIC: [8] Use of undefined constant type - assumed 'type' D:\wwwroot\h5qpdy\data\runtime\Cache\Portal\99ea5d8ed120167f4dde21f38698b677.php 第 61 行.
NOTIC: [8] Undefined index: type D:\wwwroot\h5qpdy\data\runtime\Cache\Portal\99ea5d8ed120167f4dde21f38698b677.php 第 61 行.
NOTIC: [8] Use of undefined constant id - assumed 'id' D:\wwwroot\h5qpdy\data\runtime\Cache\Portal\99ea5d8ed120167f4dde21f38698b677.php 第 61 行.
NOTIC: [8] Use of undefined constant type - assumed 'type' D:\wwwroot\h5qpdy\data\runtime\Cache\Portal\99ea5d8ed120167f4dde21f38698b677.php 第 61 行.
NOTIC: [8] Undefined index: type D:\wwwroot\h5qpdy\data\runtime\Cache\Portal\99ea5d8ed120167f4dde21f38698b677.php 第 61 行.
NOTIC: [8] Use of undefined constant id - assumed 'id' D:\wwwroot\h5qpdy\data\runtime\Cache\Portal\99ea5d8ed120167f4dde21f38698b677.php 第 61 行.
NOTIC: [8] Use of undefined constant type - assumed 'type' D:\wwwroot\h5qpdy\data\runtime\Cache\Portal\99ea5d8ed120167f4dde21f38698b677.php 第 61 行.
NOTIC: [8] Undefined index: type D:\wwwroot\h5qpdy\data\runtime\Cache\Portal\99ea5d8ed120167f4dde21f38698b677.php 第 61 行.
NOTIC: [8] Use of undefined constant id - assumed 'id' D:\wwwroot\h5qpdy\data\runtime\Cache\Portal\99ea5d8ed120167f4dde21f38698b677.php 第 61 行.
NOTIC: [8] Use of undefined constant type - assumed 'type' D:\wwwroot\h5qpdy\data\runtime\Cache\Portal\99ea5d8ed120167f4dde21f38698b677.php 第 61 行.
NOTIC: [8] Undefined index: type D:\wwwroot\h5qpdy\data\runtime\Cache\Portal\99ea5d8ed120167f4dde21f38698b677.php 第 61 行.
NOTIC: [8] Use of undefined constant id - assumed 'id' D:\wwwroot\h5qpdy\data\runtime\Cache\Portal\99ea5d8ed120167f4dde21f38698b677.php 第 61 行.
NOTIC: [8] Use of undefined constant type - assumed 'type' D:\wwwroot\h5qpdy\data\runtime\Cache\Portal\99ea5d8ed120167f4dde21f38698b677.php 第 61 行.
NOTIC: [8] Undefined index: type D:\wwwroot\h5qpdy\data\runtime\Cache\Portal\99ea5d8ed120167f4dde21f38698b677.php 第 61 行.
NOTIC: [8] Use of undefined constant id - assumed 'id' D:\wwwroot\h5qpdy\data\runtime\Cache\Portal\99ea5d8ed120167f4dde21f38698b677.php 第 61 行.
NOTIC: [8] Use of undefined constant type - assumed 'type' D:\wwwroot\h5qpdy\data\runtime\Cache\Portal\99ea5d8ed120167f4dde21f38698b677.php 第 61 行.
NOTIC: [8] Undefined index: type D:\wwwroot\h5qpdy\data\runtime\Cache\Portal\99ea5d8ed120167f4dde21f38698b677.php 第 61 行.
NOTIC: [8] Use of undefined constant id - assumed 'id' D:\wwwroot\h5qpdy\data\runtime\Cache\Portal\99ea5d8ed120167f4dde21f38698b677.php 第 61 行.
NOTIC: [8] Use of undefined constant type - assumed 'type' D:\wwwroot\h5qpdy\data\runtime\Cache\Portal\99ea5d8ed120167f4dde21f38698b677.php 第 61 行.
NOTIC: [8] Undefined index: type D:\wwwroot\h5qpdy\data\runtime\Cache\Portal\99ea5d8ed120167f4dde21f38698b677.php 第 61 行.
NOTIC: [8] Use of undefined constant id - assumed 'id' D:\wwwroot\h5qpdy\data\runtime\Cache\Portal\99ea5d8ed120167f4dde21f38698b677.php 第 61 行.
NOTIC: [8] Use of undefined constant type - assumed 'type' D:\wwwroot\h5qpdy\data\runtime\Cache\Portal\99ea5d8ed120167f4dde21f38698b677.php 第 61 行.
NOTIC: [8] Undefined index: type D:\wwwroot\h5qpdy\data\runtime\Cache\Portal\99ea5d8ed120167f4dde21f38698b677.php 第 61 行.
NOTIC: [8] Use of undefined constant id - assumed 'id' D:\wwwroot\h5qpdy\data\runtime\Cache\Portal\99ea5d8ed120167f4dde21f38698b677.php 第 61 行.
NOTIC: [8] Use of undefined constant type - assumed 'type' D:\wwwroot\h5qpdy\data\runtime\Cache\Portal\99ea5d8ed120167f4dde21f38698b677.php 第 61 行.
NOTIC: [8] Undefined index: type D:\wwwroot\h5qpdy\data\runtime\Cache\Portal\99ea5d8ed120167f4dde21f38698b677.php 第 61 行.
NOTIC: [8] Use of undefined constant id - assumed 'id' D:\wwwroot\h5qpdy\data\runtime\Cache\Portal\99ea5d8ed120167f4dde21f38698b677.php 第 61 行.
NOTIC: [8] Use of undefined constant type - assumed 'type' D:\wwwroot\h5qpdy\data\runtime\Cache\Portal\99ea5d8ed120167f4dde21f38698b677.php 第 61 行.
NOTIC: [8] Undefined index: type D:\wwwroot\h5qpdy\data\runtime\Cache\Portal\99ea5d8ed120167f4dde21f38698b677.php 第 61 行.
NOTIC: [8] Use of undefined constant id - assumed 'id' D:\wwwroot\h5qpdy\data\runtime\Cache\Portal\99ea5d8ed120167f4dde21f38698b677.php 第 61 行.
NOTIC: [8] Use of undefined constant type - assumed 'type' D:\wwwroot\h5qpdy\data\runtime\Cache\Portal\99ea5d8ed120167f4dde21f38698b677.php 第 61 行.
NOTIC: [8] Undefined index: type D:\wwwroot\h5qpdy\data\runtime\Cache\Portal\99ea5d8ed120167f4dde21f38698b677.php 第 61 行.
NOTIC: [8] Use of undefined constant id - assumed 'id' D:\wwwroot\h5qpdy\data\runtime\Cache\Portal\99ea5d8ed120167f4dde21f38698b677.php 第 61 行.
NOTIC: [8] Use of undefined constant type - assumed 'type' D:\wwwroot\h5qpdy\data\runtime\Cache\Portal\99ea5d8ed120167f4dde21f38698b677.php 第 61 行.
NOTIC: [8] Undefined index: type D:\wwwroot\h5qpdy\data\runtime\Cache\Portal\99ea5d8ed120167f4dde21f38698b677.php 第 61 行.
NOTIC: [8] Use of undefined constant id - assumed 'id' D:\wwwroot\h5qpdy\data\runtime\Cache\Portal\99ea5d8ed120167f4dde21f38698b677.php 第 61 行.
NOTIC: [8] Use of undefined constant type - assumed 'type' D:\wwwroot\h5qpdy\data\runtime\Cache\Portal\99ea5d8ed120167f4dde21f38698b677.php 第 61 行.
NOTIC: [8] Undefined index: type D:\wwwroot\h5qpdy\data\runtime\Cache\Portal\99ea5d8ed120167f4dde21f38698b677.php 第 61 行.
NOTIC: [8] Use of undefined constant id - assumed 'id' D:\wwwroot\h5qpdy\data\runtime\Cache\Portal\99ea5d8ed120167f4dde21f38698b677.php 第 61 行.
NOTIC: [8] Use of undefined constant type - assumed 'type' D:\wwwroot\h5qpdy\data\runtime\Cache\Portal\99ea5d8ed120167f4dde21f38698b677.php 第 61 行.
NOTIC: [8] Undefined index: type D:\wwwroot\h5qpdy\data\runtime\Cache\Portal\99ea5d8ed120167f4dde21f38698b677.php 第 61 行.
NOTIC: [8] Use of undefined constant id - assumed 'id' D:\wwwroot\h5qpdy\data\runtime\Cache\Portal\99ea5d8ed120167f4dde21f38698b677.php 第 61 行.
NOTIC: [8] Use of undefined constant type - assumed 'type' D:\wwwroot\h5qpdy\data\runtime\Cache\Portal\99ea5d8ed120167f4dde21f38698b677.php 第 61 行.
NOTIC: [8] Undefined index: type D:\wwwroot\h5qpdy\data\runtime\Cache\Portal\99ea5d8ed120167f4dde21f38698b677.php 第 61 行.
NOTIC: [8] Use of undefined constant id - assumed 'id' D:\wwwroot\h5qpdy\data\runtime\Cache\Portal\99ea5d8ed120167f4dde21f38698b677.php 第 61 行.
NOTIC: [8] Use of undefined constant type - assumed 'type' D:\wwwroot\h5qpdy\data\runtime\Cache\Portal\99ea5d8ed120167f4dde21f38698b677.php 第 61 行.
NOTIC: [8] Undefined index: type D:\wwwroot\h5qpdy\data\runtime\Cache\Portal\99ea5d8ed120167f4dde21f38698b677.php 第 61 行.
NOTIC: [8] Use of undefined constant id - assumed 'id' D:\wwwroot\h5qpdy\data\runtime\Cache\Portal\99ea5d8ed120167f4dde21f38698b677.php 第 61 行.
NOTIC: [8] Use of undefined constant type - assumed 'type' D:\wwwroot\h5qpdy\data\runtime\Cache\Portal\99ea5d8ed120167f4dde21f38698b677.php 第 61 行.
NOTIC: [8] Undefined index: type D:\wwwroot\h5qpdy\data\runtime\Cache\Portal\99ea5d8ed120167f4dde21f38698b677.php 第 61 行.
NOTIC: [8] Use of undefined constant id - assumed 'id' D:\wwwroot\h5qpdy\data\runtime\Cache\Portal\99ea5d8ed120167f4dde21f38698b677.php 第 61 行.
NOTIC: [8] Use of undefined constant type - assumed 'type' D:\wwwroot\h5qpdy\data\runtime\Cache\Portal\99ea5d8ed120167f4dde21f38698b677.php 第 61 行.
NOTIC: [8] Undefined index: type D:\wwwroot\h5qpdy\data\runtime\Cache\Portal\99ea5d8ed120167f4dde21f38698b677.php 第 61 行.
NOTIC: [8] Use of undefined constant id - assumed 'id' D:\wwwroot\h5qpdy\data\runtime\Cache\Portal\99ea5d8ed120167f4dde21f38698b677.php 第 61 行.
NOTIC: [8] Use of undefined constant type - assumed 'type' D:\wwwroot\h5qpdy\data\runtime\Cache\Portal\99ea5d8ed120167f4dde21f38698b677.php 第 61 行.
NOTIC: [8] Undefined index: type D:\wwwroot\h5qpdy\data\runtime\Cache\Portal\99ea5d8ed120167f4dde21f38698b677.php 第 61 行.
NOTIC: [8] Use of undefined constant id - assumed 'id' D:\wwwroot\h5qpdy\data\runtime\Cache\Portal\99ea5d8ed120167f4dde21f38698b677.php 第 61 行.
NOTIC: [8] Use of undefined constant type - assumed 'type' D:\wwwroot\h5qpdy\data\runtime\Cache\Portal\99ea5d8ed120167f4dde21f38698b677.php 第 61 行.
NOTIC: [8] Undefined index: type D:\wwwroot\h5qpdy\data\runtime\Cache\Portal\99ea5d8ed120167f4dde21f38698b677.php 第 61 行.
NOTIC: [8] Use of undefined constant id - assumed 'id' D:\wwwroot\h5qpdy\data\runtime\Cache\Portal\99ea5d8ed120167f4dde21f38698b677.php 第 61 行.
NOTIC: [8] Use of undefined constant type - assumed 'type' D:\wwwroot\h5qpdy\data\runtime\Cache\Portal\99ea5d8ed120167f4dde21f38698b677.php 第 61 行.
NOTIC: [8] Undefined index: type D:\wwwroot\h5qpdy\data\runtime\Cache\Portal\99ea5d8ed120167f4dde21f38698b677.php 第 61 行.
NOTIC: [8] Use of undefined constant id - assumed 'id' D:\wwwroot\h5qpdy\data\runtime\Cache\Portal\99ea5d8ed120167f4dde21f38698b677.php 第 61 行.
NOTIC: [8] Use of undefined constant type - assumed 'type' D:\wwwroot\h5qpdy\data\runtime\Cache\Portal\99ea5d8ed120167f4dde21f38698b677.php 第 61 行.
NOTIC: [8] Undefined index: type D:\wwwroot\h5qpdy\data\runtime\Cache\Portal\99ea5d8ed120167f4dde21f38698b677.php 第 61 行.
NOTIC: [8] Use of undefined constant id - assumed 'id' D:\wwwroot\h5qpdy\data\runtime\Cache\Portal\99ea5d8ed120167f4dde21f38698b677.php 第 61 行.
NOTIC: [8] Use of undefined constant type - assumed 'type' D:\wwwroot\h5qpdy\data\runtime\Cache\Portal\99ea5d8ed120167f4dde21f38698b677.php 第 61 行.
NOTIC: [8] Undefined index: type D:\wwwroot\h5qpdy\data\runtime\Cache\Portal\99ea5d8ed120167f4dde21f38698b677.php 第 61 行.
NOTIC: [8] Use of undefined constant id - assumed 'id' D:\wwwroot\h5qpdy\data\runtime\Cache\Portal\99ea5d8ed120167f4dde21f38698b677.php 第 61 行.
NOTIC: [8] Use of undefined constant type - assumed 'type' D:\wwwroot\h5qpdy\data\runtime\Cache\Portal\99ea5d8ed120167f4dde21f38698b677.php 第 61 行.
NOTIC: [8] Undefined index: type D:\wwwroot\h5qpdy\data\runtime\Cache\Portal\99ea5d8ed120167f4dde21f38698b677.php 第 61 行.
NOTIC: [8] Use of undefined constant name - assumed 'name' D:\wwwroot\h5qpdy\data\runtime\Cache\Portal\99ea5d8ed120167f4dde21f38698b677.php 第 65 行.
NOTIC: [8] Undefined index: name D:\wwwroot\h5qpdy\data\runtime\Cache\Portal\99ea5d8ed120167f4dde21f38698b677.php 第 65 行.
SQL: SELECT * FROM `jz_game` WHERE `id` = 28 LIMIT 1   [ RunTime:0.0003s ]
SQL: SELECT * FROM `jz_game` WHERE `id` = 27 LIMIT 1   [ RunTime:0.0002s ]
SQL: SELECT * FROM `jz_game` WHERE `id` = 27 LIMIT 1   [ RunTime:0.0001s ]
SQL: SELECT * FROM `jz_game` WHERE `id` = 26 LIMIT 1   [ RunTime:0.0002s ]
SQL: SELECT * FROM `jz_game` WHERE `id` = 23 LIMIT 1   [ RunTime:0.0001s ]
SQL: SELECT * FROM `jz_game` WHERE `id` = 22 LIMIT 1   [ RunTime:0.0001s ]
SQL: SELECT * FROM `jz_game` WHERE `id` = 22 LIMIT 1   [ RunTime:0.0002s ]
SQL: SELECT * FROM `jz_game` WHERE `id` = 20 LIMIT 1   [ RunTime:0.0002s ]
SQL: SELECT * FROM `jz_game` WHERE `id` = 20 LIMIT 1   [ RunTime:0.0002s ]
SQL: SELECT * FROM `jz_game` WHERE `id` = 21 LIMIT 1   [ RunTime:0.0003s ]
NOTIC: [8] Undefined variable: formget D:\wwwroot\h5qpdy\data\runtime\Cache\Portal\99ea5d8ed120167f4dde21f38698b677.php 第 104 行.
INFO: Run Behavior\ParseTemplateBehavior [ RunTime:0.016333s ]
INFO: [ view_parse ] --END-- [ RunTime:0.016367s ]
INFO: [ view_filter ] --START--
INFO: Run Behavior\WriteHtmlCacheBehavior [ RunTime:0.001333s ]
INFO: Run Common\Behavior\TmplStripSpaceBehavior [ RunTime:0.001312s ]
INFO: [ view_filter ] --END-- [ RunTime:0.002716s ]
INFO: [ app_end ] --START--
INFO: Run Behavior\ShowPageTraceBehavior [ RunTime:0.001939s ]
INFO: [ app_end ] --END-- [ RunTime:0.002059s ]

[ 2018-04-05T17:43:46+08:00 ] 127.0.0.1 /Portal/AdminYouxi/RuleList
INFO: [ app_begin ] --START--
INFO: Run Behavior\ReadHtmlCacheBehavior [ RunTime:0.000529s ]
INFO: Run Behavior\CheckLangBehavior [ RunTime:0.000946s ]
INFO: Run Common\Behavior\UrldecodeGetBehavior [ RunTime:0.000381s ]
INFO: [ app_begin ] --END-- [ RunTime:0.002330s ]
INFO: [ admin_begin ] --START--
INFO: Run Common\Behavior\AdminDefaultLangBehavior [ RunTime:0.001427s ]
INFO: [ admin_begin ] --END-- [ RunTime:0.001506s ]
SQL: SHOW COLUMNS FROM `jz_options` [ RunTime:0.0058s ]
SQL: SELECT `option_value` FROM `jz_options` WHERE `option_name` = 'extract' LIMIT 1   [ RunTime:0.0003s ]
SQL: SELECT `option_value` FROM `jz_options` WHERE `option_name` = 'bonus' LIMIT 1   [ RunTime:0.0002s ]
SQL: SHOW COLUMNS FROM `jz_users` [ RunTime:0.0058s ]
SQL: SELECT * FROM `jz_users` WHERE `id` = '1' LIMIT 1   [ RunTime:0.0007s ]
NOTIC: [8] Undefined index: name D:\wwwroot\h5qpdy\application\Portal\Controller\AdminYouxiController.class.php 第 84 行.
NOTIC: [8] Undefined index: type D:\wwwroot\h5qpdy\application\Portal\Controller\AdminYouxiController.class.php 第 87 行.
SQL: SHOW COLUMNS FROM `jz_rule` [ RunTime:0.0082s ]
SQL: SELECT COUNT(*) AS tp_count FROM `jz_rule` WHERE (  1=1  ) LIMIT 1   [ RunTime:0.0004s ]
SQL: SELECT * FROM `jz_rule` WHERE (  1=1  ) ORDER BY `id` desc LIMIT 0,10   [ RunTime:0.0005s ]
SQL: SHOW COLUMNS FROM `jz_game` [ RunTime:0.0066s ]
SQL: SELECT * FROM `jz_game`  [ RunTime:0.0005s ]
INFO: [ view_parse ] --START--
INFO: [ template_filter ] --START--
INFO: Run Behavior\ContentReplaceBehavior [ RunTime:0.000083s ]
INFO: [ template_filter ] --END-- [ RunTime:0.000115s ]
NOTIC: [8] Use of undefined constant id - assumed 'id' D:\wwwroot\h5qpdy\data\runtime\Cache\Portal\99ea5d8ed120167f4dde21f38698b677.php 第 61 行.
NOTIC: [8] Use of undefined constant type - assumed 'type' D:\wwwroot\h5qpdy\data\runtime\Cache\Portal\99ea5d8ed120167f4dde21f38698b677.php 第 61 行.
NOTIC: [8] Undefined index: type D:\wwwroot\h5qpdy\data\runtime\Cache\Portal\99ea5d8ed120167f4dde21f38698b677.php 第 61 行.
NOTIC: [8] Use of undefined constant id - assumed 'id' D:\wwwroot\h5qpdy\data\runtime\Cache\Portal\99ea5d8ed120167f4dde21f38698b677.php 第 61 行.
NOTIC: [8] Use of undefined constant type - assumed 'type' D:\wwwroot\h5qpdy\data\runtime\Cache\Portal\99ea5d8ed120167f4dde21f38698b677.php 第 61 行.
NOTIC: [8] Undefined index: type D:\wwwroot\h5qpdy\data\runtime\Cache\Portal\99ea5d8ed120167f4dde21f38698b677.php 第 61 行.
NOTIC: [8] Use of undefined constant id - assumed 'id' D:\wwwroot\h5qpdy\data\runtime\Cache\Portal\99ea5d8ed120167f4dde21f38698b677.php 第 61 行.
NOTIC: [8] Use of undefined constant type - assumed 'type' D:\wwwroot\h5qpdy\data\runtime\Cache\Portal\99ea5d8ed120167f4dde21f38698b677.php 第 61 行.
NOTIC: [8] Undefined index: type D:\wwwroot\h5qpdy\data\runtime\Cache\Portal\99ea5d8ed120167f4dde21f38698b677.php 第 61 行.
NOTIC: [8] Use of undefined constant id - assumed 'id' D:\wwwroot\h5qpdy\data\runtime\Cache\Portal\99ea5d8ed120167f4dde21f38698b677.php 第 61 行.
NOTIC: [8] Use of undefined constant type - assumed 'type' D:\wwwroot\h5qpdy\data\runtime\Cache\Portal\99ea5d8ed120167f4dde21f38698b677.php 第 61 行.
NOTIC: [8] Undefined index: type D:\wwwroot\h5qpdy\data\runtime\Cache\Portal\99ea5d8ed120167f4dde21f38698b677.php 第 61 行.
NOTIC: [8] Use of undefined constant id - assumed 'id' D:\wwwroot\h5qpdy\data\runtime\Cache\Portal\99ea5d8ed120167f4dde21f38698b677.php 第 61 行.
NOTIC: [8] Use of undefined constant type - assumed 'type' D:\wwwroot\h5qpdy\data\runtime\Cache\Portal\99ea5d8ed120167f4dde21f38698b677.php 第 61 行.
NOTIC: [8] Undefined index: type D:\wwwroot\h5qpdy\data\runtime\Cache\Portal\99ea5d8ed120167f4dde21f38698b677.php 第 61 行.
NOTIC: [8] Use of undefined constant id - assumed 'id' D:\wwwroot\h5qpdy\data\runtime\Cache\Portal\99ea5d8ed120167f4dde21f38698b677.php 第 61 行.
NOTIC: [8] Use of undefined constant type - assumed 'type' D:\wwwroot\h5qpdy\data\runtime\Cache\Portal\99ea5d8ed120167f4dde21f38698b677.php 第 61 行.
NOTIC: [8] Undefined index: type D:\wwwroot\h5qpdy\data\runtime\Cache\Portal\99ea5d8ed120167f4dde21f38698b677.php 第 61 行.
NOTIC: [8] Use of undefined constant id - assumed 'id' D:\wwwroot\h5qpdy\data\runtime\Cache\Portal\99ea5d8ed120167f4dde21f38698b677.php 第 61 行.
NOTIC: [8] Use of undefined constant type - assumed 'type' D:\wwwroot\h5qpdy\data\runtime\Cache\Portal\99ea5d8ed120167f4dde21f38698b677.php 第 61 行.
NOTIC: [8] Undefined index: type D:\wwwroot\h5qpdy\data\runtime\Cache\Portal\99ea5d8ed120167f4dde21f38698b677.php 第 61 行.
NOTIC: [8] Use of undefined constant id - assumed 'id' D:\wwwroot\h5qpdy\data\runtime\Cache\Portal\99ea5d8ed120167f4dde21f38698b677.php 第 61 行.
NOTIC: [8] Use of undefined constant type - assumed 'type' D:\wwwroot\h5qpdy\data\runtime\Cache\Portal\99ea5d8ed120167f4dde21f38698b677.php 第 61 行.
NOTIC: [8] Undefined index: type D:\wwwroot\h5qpdy\data\runtime\Cache\Portal\99ea5d8ed120167f4dde21f38698b677.php 第 61 行.
NOTIC: [8] Use of undefined constant id - assumed 'id' D:\wwwroot\h5qpdy\data\runtime\Cache\Portal\99ea5d8ed120167f4dde21f38698b677.php 第 61 行.
NOTIC: [8] Use of undefined constant type - assumed 'type' D:\wwwroot\h5qpdy\data\runtime\Cache\Portal\99ea5d8ed120167f4dde21f38698b677.php 第 61 行.
NOTIC: [8] Undefined index: type D:\wwwroot\h5qpdy\data\runtime\Cache\Portal\99ea5d8ed120167f4dde21f38698b677.php 第 61 行.
NOTIC: [8] Use of undefined constant id - assumed 'id' D:\wwwroot\h5qpdy\data\runtime\Cache\Portal\99ea5d8ed120167f4dde21f38698b677.php 第 61 行.
NOTIC: [8] Use of undefined constant type - assumed 'type' D:\wwwroot\h5qpdy\data\runtime\Cache\Portal\99ea5d8ed120167f4dde21f38698b677.php 第 61 行.
NOTIC: [8] Undefined index: type D:\wwwroot\h5qpdy\data\runtime\Cache\Portal\99ea5d8ed120167f4dde21f38698b677.php 第 61 行.
NOTIC: [8] Use of undefined constant id - assumed 'id' D:\wwwroot\h5qpdy\data\runtime\Cache\Portal\99ea5d8ed120167f4dde21f38698b677.php 第 61 行.
NOTIC: [8] Use of undefined constant type - assumed 'type' D:\wwwroot\h5qpdy\data\runtime\Cache\Portal\99ea5d8ed120167f4dde21f38698b677.php 第 61 行.
NOTIC: [8] Undefined index: type D:\wwwroot\h5qpdy\data\runtime\Cache\Portal\99ea5d8ed120167f4dde21f38698b677.php 第 61 行.
NOTIC: [8] Use of undefined constant id - assumed 'id' D:\wwwroot\h5qpdy\data\runtime\Cache\Portal\99ea5d8ed120167f4dde21f38698b677.php 第 61 行.
NOTIC: [8] Use of undefined constant type - assumed 'type' D:\wwwroot\h5qpdy\data\runtime\Cache\Portal\99ea5d8ed120167f4dde21f38698b677.php 第 61 行.
NOTIC: [8] Undefined index: type D:\wwwroot\h5qpdy\data\runtime\Cache\Portal\99ea5d8ed120167f4dde21f38698b677.php 第 61 行.
NOTIC: [8] Use of undefined constant id - assumed 'id' D:\wwwroot\h5qpdy\data\runtime\Cache\Portal\99ea5d8ed120167f4dde21f38698b677.php 第 61 行.
NOTIC: [8] Use of undefined constant type - assumed 'type' D:\wwwroot\h5qpdy\data\runtime\Cache\Portal\99ea5d8ed120167f4dde21f38698b677.php 第 61 行.
NOTIC: [8] Undefined index: type D:\wwwroot\h5qpdy\data\runtime\Cache\Portal\99ea5d8ed120167f4dde21f38698b677.php 第 61 行.
NOTIC: [8] Use of undefined constant id - assumed 'id' D:\wwwroot\h5qpdy\data\runtime\Cache\Portal\99ea5d8ed120167f4dde21f38698b677.php 第 61 行.
NOTIC: [8] Use of undefined constant type - assumed 'type' D:\wwwroot\h5qpdy\data\runtime\Cache\Portal\99ea5d8ed120167f4dde21f38698b677.php 第 61 行.
NOTIC: [8] Undefined index: type D:\wwwroot\h5qpdy\data\runtime\Cache\Portal\99ea5d8ed120167f4dde21f38698b677.php 第 61 行.
NOTIC: [8] Use of undefined constant id - assumed 'id' D:\wwwroot\h5qpdy\data\runtime\Cache\Portal\99ea5d8ed120167f4dde21f38698b677.php 第 61 行.
NOTIC: [8] Use of undefined constant type - assumed 'type' D:\wwwroot\h5qpdy\data\runtime\Cache\Portal\99ea5d8ed120167f4dde21f38698b677.php 第 61 行.
NOTIC: [8] Undefined index: type D:\wwwroot\h5qpdy\data\runtime\Cache\Portal\99ea5d8ed120167f4dde21f38698b677.php 第 61 行.
NOTIC: [8] Use of undefined constant id - assumed 'id' D:\wwwroot\h5qpdy\data\runtime\Cache\Portal\99ea5d8ed120167f4dde21f38698b677.php 第 61 行.
NOTIC: [8] Use of undefined constant type - assumed 'type' D:\wwwroot\h5qpdy\data\runtime\Cache\Portal\99ea5d8ed120167f4dde21f38698b677.php 第 61 行.
NOTIC: [8] Undefined index: type D:\wwwroot\h5qpdy\data\runtime\Cache\Portal\99ea5d8ed120167f4dde21f38698b677.php 第 61 行.
NOTIC: [8] Use of undefined constant id - assumed 'id' D:\wwwroot\h5qpdy\data\runtime\Cache\Portal\99ea5d8ed120167f4dde21f38698b677.php 第 61 行.
NOTIC: [8] Use of undefined constant type - assumed 'type' D:\wwwroot\h5qpdy\data\runtime\Cache\Portal\99ea5d8ed120167f4dde21f38698b677.php 第 61 行.
NOTIC: [8] Undefined index: type D:\wwwroot\h5qpdy\data\runtime\Cache\Portal\99ea5d8ed120167f4dde21f38698b677.php 第 61 行.
NOTIC: [8] Use of undefined constant id - assumed 'id' D:\wwwroot\h5qpdy\data\runtime\Cache\Portal\99ea5d8ed120167f4dde21f38698b677.php 第 61 行.
NOTIC: [8] Use of undefined constant type - assumed 'type' D:\wwwroot\h5qpdy\data\runtime\Cache\Portal\99ea5d8ed120167f4dde21f38698b677.php 第 61 行.
NOTIC: [8] Undefined index: type D:\wwwroot\h5qpdy\data\runtime\Cache\Portal\99ea5d8ed120167f4dde21f38698b677.php 第 61 行.
NOTIC: [8] Use of undefined constant id - assumed 'id' D:\wwwroot\h5qpdy\data\runtime\Cache\Portal\99ea5d8ed120167f4dde21f38698b677.php 第 61 行.
NOTIC: [8] Use of undefined constant type - assumed 'type' D:\wwwroot\h5qpdy\data\runtime\Cache\Portal\99ea5d8ed120167f4dde21f38698b677.php 第 61 行.
NOTIC: [8] Undefined index: type D:\wwwroot\h5qpdy\data\runtime\Cache\Portal\99ea5d8ed120167f4dde21f38698b677.php 第 61 行.
NOTIC: [8] Use of undefined constant id - assumed 'id' D:\wwwroot\h5qpdy\data\runtime\Cache\Portal\99ea5d8ed120167f4dde21f38698b677.php 第 61 行.
NOTIC: [8] Use of undefined constant type - assumed 'type' D:\wwwroot\h5qpdy\data\runtime\Cache\Portal\99ea5d8ed120167f4dde21f38698b677.php 第 61 行.
NOTIC: [8] Undefined index: type D:\wwwroot\h5qpdy\data\runtime\Cache\Portal\99ea5d8ed120167f4dde21f38698b677.php 第 61 行.
NOTIC: [8] Use of undefined constant id - assumed 'id' D:\wwwroot\h5qpdy\data\runtime\Cache\Portal\99ea5d8ed120167f4dde21f38698b677.php 第 61 行.
NOTIC: [8] Use of undefined constant type - assumed 'type' D:\wwwroot\h5qpdy\data\runtime\Cache\Portal\99ea5d8ed120167f4dde21f38698b677.php 第 61 行.
NOTIC: [8] Undefined index: type D:\wwwroot\h5qpdy\data\runtime\Cache\Portal\99ea5d8ed120167f4dde21f38698b677.php 第 61 行.
NOTIC: [8] Use of undefined constant id - assumed 'id' D:\wwwroot\h5qpdy\data\runtime\Cache\Portal\99ea5d8ed120167f4dde21f38698b677.php 第 61 行.
NOTIC: [8] Use of undefined constant type - assumed 'type' D:\wwwroot\h5qpdy\data\runtime\Cache\Portal\99ea5d8ed120167f4dde21f38698b677.php 第 61 行.
NOTIC: [8] Undefined index: type D:\wwwroot\h5qpdy\data\runtime\Cache\Portal\99ea5d8ed120167f4dde21f38698b677.php 第 61 行.
NOTIC: [8] Use of undefined constant id - assumed 'id' D:\wwwroot\h5qpdy\data\runtime\Cache\Portal\99ea5d8ed120167f4dde21f38698b677.php 第 61 行.
NOTIC: [8] Use of undefined constant type - assumed 'type' D:\wwwroot\h5qpdy\data\runtime\Cache\Portal\99ea5d8ed120167f4dde21f38698b677.php 第 61 行.
NOTIC: [8] Undefined index: type D:\wwwroot\h5qpdy\data\runtime\Cache\Portal\99ea5d8ed120167f4dde21f38698b677.php 第 61 行.
NOTIC: [8] Use of undefined constant id - assumed 'id' D:\wwwroot\h5qpdy\data\runtime\Cache\Portal\99ea5d8ed120167f4dde21f38698b677.php 第 61 行.
NOTIC: [8] Use of undefined constant type - assumed 'type' D:\wwwroot\h5qpdy\data\runtime\Cache\Portal\99ea5d8ed120167f4dde21f38698b677.php 第 61 行.
NOTIC: [8] Undefined index: type D:\wwwroot\h5qpdy\data\runtime\Cache\Portal\99ea5d8ed120167f4dde21f38698b677.php 第 61 行.
NOTIC: [8] Use of undefined constant id - assumed 'id' D:\wwwroot\h5qpdy\data\runtime\Cache\Portal\99ea5d8ed120167f4dde21f38698b677.php 第 61 行.
NOTIC: [8] Use of undefined constant type - assumed 'type' D:\wwwroot\h5qpdy\data\runtime\Cache\Portal\99ea5d8ed120167f4dde21f38698b677.php 第 61 行.
NOTIC: [8] Undefined index: type D:\wwwroot\h5qpdy\data\runtime\Cache\Portal\99ea5d8ed120167f4dde21f38698b677.php 第 61 行.
NOTIC: [8] Use of undefined constant id - assumed 'id' D:\wwwroot\h5qpdy\data\runtime\Cache\Portal\99ea5d8ed120167f4dde21f38698b677.php 第 61 行.
NOTIC: [8] Use of undefined constant type - assumed 'type' D:\wwwroot\h5qpdy\data\runtime\Cache\Portal\99ea5d8ed120167f4dde21f38698b677.php 第 61 行.
NOTIC: [8] Undefined index: type D:\wwwroot\h5qpdy\data\runtime\Cache\Portal\99ea5d8ed120167f4dde21f38698b677.php 第 61 行.
NOTIC: [8] Use of undefined constant id - assumed 'id' D:\wwwroot\h5qpdy\data\runtime\Cache\Portal\99ea5d8ed120167f4dde21f38698b677.php 第 61 行.
NOTIC: [8] Use of undefined constant type - assumed 'type' D:\wwwroot\h5qpdy\data\runtime\Cache\Portal\99ea5d8ed120167f4dde21f38698b677.php 第 61 行.
NOTIC: [8] Undefined index: type D:\wwwroot\h5qpdy\data\runtime\Cache\Portal\99ea5d8ed120167f4dde21f38698b677.php 第 61 行.
NOTIC: [8] Use of undefined constant id - assumed 'id' D:\wwwroot\h5qpdy\data\runtime\Cache\Portal\99ea5d8ed120167f4dde21f38698b677.php 第 61 行.
NOTIC: [8] Use of undefined constant type - assumed 'type' D:\wwwroot\h5qpdy\data\runtime\Cache\Portal\99ea5d8ed120167f4dde21f38698b677.php 第 61 行.
NOTIC: [8] Undefined index: type D:\wwwroot\h5qpdy\data\runtime\Cache\Portal\99ea5d8ed120167f4dde21f38698b677.php 第 61 行.
NOTIC: [8] Use of undefined constant name - assumed 'name' D:\wwwroot\h5qpdy\data\runtime\Cache\Portal\99ea5d8ed120167f4dde21f38698b677.php 第 65 行.
NOTIC: [8] Undefined index: name D:\wwwroot\h5qpdy\data\runtime\Cache\Portal\99ea5d8ed120167f4dde21f38698b677.php 第 65 行.
SQL: SELECT * FROM `jz_game` WHERE `id` = 28 LIMIT 1   [ RunTime:0.0003s ]
SQL: SELECT * FROM `jz_game` WHERE `id` = 27 LIMIT 1   [ RunTime:0.0002s ]
SQL: SELECT * FROM `jz_game` WHERE `id` = 27 LIMIT 1   [ RunTime:0.0004s ]
SQL: SELECT * FROM `jz_game` WHERE `id` = 26 LIMIT 1   [ RunTime:0.0003s ]
SQL: SELECT * FROM `jz_game` WHERE `id` = 23 LIMIT 1   [ RunTime:0.0003s ]
SQL: SELECT * FROM `jz_game` WHERE `id` = 22 LIMIT 1   [ RunTime:0.0003s ]
SQL: SELECT * FROM `jz_game` WHERE `id` = 22 LIMIT 1   [ RunTime:0.0003s ]
SQL: SELECT * FROM `jz_game` WHERE `id` = 20 LIMIT 1   [ RunTime:0.0003s ]
SQL: SELECT * FROM `jz_game` WHERE `id` = 20 LIMIT 1   [ RunTime:0.0002s ]
SQL: SELECT * FROM `jz_game` WHERE `id` = 21 LIMIT 1   [ RunTime:0.0003s ]
NOTIC: [8] Undefined variable: formget D:\wwwroot\h5qpdy\data\runtime\Cache\Portal\99ea5d8ed120167f4dde21f38698b677.php 第 104 行.
INFO: Run Behavior\ParseTemplateBehavior [ RunTime:0.017448s ]
INFO: [ view_parse ] --END-- [ RunTime:0.017494s ]
INFO: [ view_filter ] --START--
INFO: Run Behavior\WriteHtmlCacheBehavior [ RunTime:0.000776s ]
INFO: Run Common\Behavior\TmplStripSpaceBehavior [ RunTime:0.000802s ]
INFO: [ view_filter ] --END-- [ RunTime:0.001664s ]
INFO: [ app_end ] --START--
INFO: Run Behavior\ShowPageTraceBehavior [ RunTime:0.001099s ]
INFO: [ app_end ] --END-- [ RunTime:0.001158s ]

[ 2018-04-05T17:43:47+08:00 ] 127.0.0.1 /Portal/AdminYouxi/GameList
INFO: [ app_begin ] --START--
INFO: Run Behavior\ReadHtmlCacheBehavior [ RunTime:0.000626s ]
INFO: Run Behavior\CheckLangBehavior [ RunTime:0.001804s ]
INFO: Run Common\Behavior\UrldecodeGetBehavior [ RunTime:0.000603s ]
INFO: [ app_begin ] --END-- [ RunTime:0.003602s ]
INFO: [ admin_begin ] --START--
INFO: Run Common\Behavior\AdminDefaultLangBehavior [ RunTime:0.001369s ]
INFO: [ admin_begin ] --END-- [ RunTime:0.001420s ]
SQL: SHOW COLUMNS FROM `jz_options` [ RunTime:0.0074s ]
SQL: SELECT `option_value` FROM `jz_options` WHERE `option_name` = 'extract' LIMIT 1   [ RunTime:0.0003s ]
SQL: SELECT `option_value` FROM `jz_options` WHERE `option_name` = 'bonus' LIMIT 1   [ RunTime:0.0003s ]
SQL: SHOW COLUMNS FROM `jz_users` [ RunTime:0.0070s ]
SQL: SELECT * FROM `jz_users` WHERE `id` = '1' LIMIT 1   [ RunTime:0.0009s ]
NOTIC: [8] Undefined index: name D:\wwwroot\h5qpdy\application\Portal\Controller\AdminYouxiController.class.php 第 30 行.
SQL: SHOW COLUMNS FROM `jz_game` [ RunTime:0.0085s ]
SQL: SELECT COUNT(*) AS tp_count FROM `jz_game` WHERE (  1=1  ) LIMIT 1   [ RunTime:0.0004s ]
SQL: SELECT * FROM `jz_game` WHERE (  1=1  ) ORDER BY `sort` desc LIMIT 0,10   [ RunTime:0.0004s ]
INFO: [ view_parse ] --START--
INFO: [ template_filter ] --START--
INFO: Run Behavior\ContentReplaceBehavior [ RunTime:0.000084s ]
INFO: [ template_filter ] --END-- [ RunTime:0.000118s ]
NOTIC: [8] Use of undefined constant name - assumed 'name' D:\wwwroot\h5qpdy\data\runtime\Cache\Portal\aa842b3c3712cb05480cb724547eceb7.php 第 58 行.
NOTIC: [8] Undefined index: name D:\wwwroot\h5qpdy\data\runtime\Cache\Portal\aa842b3c3712cb05480cb724547eceb7.php 第 58 行.
NOTIC: [8] Undefined variable: formget D:\wwwroot\h5qpdy\data\runtime\Cache\Portal\aa842b3c3712cb05480cb724547eceb7.php 第 100 行.
INFO: Run Behavior\ParseTemplateBehavior [ RunTime:0.012126s ]
INFO: [ view_parse ] --END-- [ RunTime:0.012162s ]
INFO: [ view_filter ] --START--
INFO: Run Behavior\WriteHtmlCacheBehavior [ RunTime:0.000609s ]
INFO: Run Common\Behavior\TmplStripSpaceBehavior [ RunTime:0.000475s ]
INFO: [ view_filter ] --END-- [ RunTime:0.001133s ]
INFO: [ app_end ] --START--
INFO: Run Behavior\ShowPageTraceBehavior [ RunTime:0.000723s ]
INFO: [ app_end ] --END-- [ RunTime:0.000756s ]

[ 2018-04-05T17:43:48+08:00 ] 127.0.0.1 /Portal/AdminYouxi/RuleList
INFO: [ app_begin ] --START--
INFO: Run Behavior\ReadHtmlCacheBehavior [ RunTime:0.000701s ]
INFO: Run Behavior\CheckLangBehavior [ RunTime:0.000987s ]
INFO: Run Common\Behavior\UrldecodeGetBehavior [ RunTime:0.000343s ]
INFO: [ app_begin ] --END-- [ RunTime:0.002454s ]
INFO: [ admin_begin ] --START--
INFO: Run Common\Behavior\AdminDefaultLangBehavior [ RunTime:0.002334s ]
INFO: [ admin_begin ] --END-- [ RunTime:0.002419s ]
SQL: SHOW COLUMNS FROM `jz_options` [ RunTime:0.0051s ]
SQL: SELECT `option_value` FROM `jz_options` WHERE `option_name` = 'extract' LIMIT 1   [ RunTime:0.0003s ]
SQL: SELECT `option_value` FROM `jz_options` WHERE `option_name` = 'bonus' LIMIT 1   [ RunTime:0.0003s ]
SQL: SHOW COLUMNS FROM `jz_users` [ RunTime:0.0057s ]
SQL: SELECT * FROM `jz_users` WHERE `id` = '1' LIMIT 1   [ RunTime:0.0003s ]
NOTIC: [8] Undefined index: name D:\wwwroot\h5qpdy\application\Portal\Controller\AdminYouxiController.class.php 第 84 行.
NOTIC: [8] Undefined index: type D:\wwwroot\h5qpdy\application\Portal\Controller\AdminYouxiController.class.php 第 87 行.
SQL: SHOW COLUMNS FROM `jz_rule` [ RunTime:0.0062s ]
SQL: SELECT COUNT(*) AS tp_count FROM `jz_rule` WHERE (  1=1  ) LIMIT 1   [ RunTime:0.0004s ]
SQL: SELECT * FROM `jz_rule` WHERE (  1=1  ) ORDER BY `id` desc LIMIT 0,10   [ RunTime:0.0005s ]
SQL: SHOW COLUMNS FROM `jz_game` [ RunTime:0.0072s ]
SQL: SELECT * FROM `jz_game`  [ RunTime:0.0003s ]
INFO: [ view_parse ] --START--
INFO: [ template_filter ] --START--
INFO: Run Behavior\ContentReplaceBehavior [ RunTime:0.000085s ]
INFO: [ template_filter ] --END-- [ RunTime:0.000118s ]
NOTIC: [8] Use of undefined constant id - assumed 'id' D:\wwwroot\h5qpdy\data\runtime\Cache\Portal\99ea5d8ed120167f4dde21f38698b677.php 第 61 行.
NOTIC: [8] Use of undefined constant type - assumed 'type' D:\wwwroot\h5qpdy\data\runtime\Cache\Portal\99ea5d8ed120167f4dde21f38698b677.php 第 61 行.
NOTIC: [8] Undefined index: type D:\wwwroot\h5qpdy\data\runtime\Cache\Portal\99ea5d8ed120167f4dde21f38698b677.php 第 61 行.
NOTIC: [8] Use of undefined constant id - assumed 'id' D:\wwwroot\h5qpdy\data\runtime\Cache\Portal\99ea5d8ed120167f4dde21f38698b677.php 第 61 行.
NOTIC: [8] Use of undefined constant type - assumed 'type' D:\wwwroot\h5qpdy\data\runtime\Cache\Portal\99ea5d8ed120167f4dde21f38698b677.php 第 61 行.
NOTIC: [8] Undefined index: type D:\wwwroot\h5qpdy\data\runtime\Cache\Portal\99ea5d8ed120167f4dde21f38698b677.php 第 61 行.
NOTIC: [8] Use of undefined constant id - assumed 'id' D:\wwwroot\h5qpdy\data\runtime\Cache\Portal\99ea5d8ed120167f4dde21f38698b677.php 第 61 行.
NOTIC: [8] Use of undefined constant type - assumed 'type' D:\wwwroot\h5qpdy\data\runtime\Cache\Portal\99ea5d8ed120167f4dde21f38698b677.php 第 61 行.
NOTIC: [8] Undefined index: type D:\wwwroot\h5qpdy\data\runtime\Cache\Portal\99ea5d8ed120167f4dde21f38698b677.php 第 61 行.
NOTIC: [8] Use of undefined constant id - assumed 'id' D:\wwwroot\h5qpdy\data\runtime\Cache\Portal\99ea5d8ed120167f4dde21f38698b677.php 第 61 行.
NOTIC: [8] Use of undefined constant type - assumed 'type' D:\wwwroot\h5qpdy\data\runtime\Cache\Portal\99ea5d8ed120167f4dde21f38698b677.php 第 61 行.
NOTIC: [8] Undefined index: type D:\wwwroot\h5qpdy\data\runtime\Cache\Portal\99ea5d8ed120167f4dde21f38698b677.php 第 61 行.
NOTIC: [8] Use of undefined constant id - assumed 'id' D:\wwwroot\h5qpdy\data\runtime\Cache\Portal\99ea5d8ed120167f4dde21f38698b677.php 第 61 行.
NOTIC: [8] Use of undefined constant type - assumed 'type' D:\wwwroot\h5qpdy\data\runtime\Cache\Portal\99ea5d8ed120167f4dde21f38698b677.php 第 61 行.
NOTIC: [8] Undefined index: type D:\wwwroot\h5qpdy\data\runtime\Cache\Portal\99ea5d8ed120167f4dde21f38698b677.php 第 61 行.
NOTIC: [8] Use of undefined constant id - assumed 'id' D:\wwwroot\h5qpdy\data\runtime\Cache\Portal\99ea5d8ed120167f4dde21f38698b677.php 第 61 行.
NOTIC: [8] Use of undefined constant type - assumed 'type' D:\wwwroot\h5qpdy\data\runtime\Cache\Portal\99ea5d8ed120167f4dde21f38698b677.php 第 61 行.
NOTIC: [8] Undefined index: type D:\wwwroot\h5qpdy\data\runtime\Cache\Portal\99ea5d8ed120167f4dde21f38698b677.php 第 61 行.
NOTIC: [8] Use of undefined constant id - assumed 'id' D:\wwwroot\h5qpdy\data\runtime\Cache\Portal\99ea5d8ed120167f4dde21f38698b677.php 第 61 行.
NOTIC: [8] Use of undefined constant type - assumed 'type' D:\wwwroot\h5qpdy\data\runtime\Cache\Portal\99ea5d8ed120167f4dde21f38698b677.php 第 61 行.
NOTIC: [8] Undefined index: type D:\wwwroot\h5qpdy\data\runtime\Cache\Portal\99ea5d8ed120167f4dde21f38698b677.php 第 61 行.
NOTIC: [8] Use of undefined constant id - assumed 'id' D:\wwwroot\h5qpdy\data\runtime\Cache\Portal\99ea5d8ed120167f4dde21f38698b677.php 第 61 行.
NOTIC: [8] Use of undefined constant type - assumed 'type' D:\wwwroot\h5qpdy\data\runtime\Cache\Portal\99ea5d8ed120167f4dde21f38698b677.php 第 61 行.
NOTIC: [8] Undefined index: type D:\wwwroot\h5qpdy\data\runtime\Cache\Portal\99ea5d8ed120167f4dde21f38698b677.php 第 61 行.
NOTIC: [8] Use of undefined constant id - assumed 'id' D:\wwwroot\h5qpdy\data\runtime\Cache\Portal\99ea5d8ed120167f4dde21f38698b677.php 第 61 行.
NOTIC: [8] Use of undefined constant type - assumed 'type' D:\wwwroot\h5qpdy\data\runtime\Cache\Portal\99ea5d8ed120167f4dde21f38698b677.php 第 61 行.
NOTIC: [8] Undefined index: type D:\wwwroot\h5qpdy\data\runtime\Cache\Portal\99ea5d8ed120167f4dde21f38698b677.php 第 61 行.
NOTIC: [8] Use of undefined constant id - assumed 'id' D:\wwwroot\h5qpdy\data\runtime\Cache\Portal\99ea5d8ed120167f4dde21f38698b677.php 第 61 行.
NOTIC: [8] Use of undefined constant type - assumed 'type' D:\wwwroot\h5qpdy\data\runtime\Cache\Portal\99ea5d8ed120167f4dde21f38698b677.php 第 61 行.
NOTIC: [8] Undefined index: type D:\wwwroot\h5qpdy\data\runtime\Cache\Portal\99ea5d8ed120167f4dde21f38698b677.php 第 61 行.
NOTIC: [8] Use of undefined constant id - assumed 'id' D:\wwwroot\h5qpdy\data\runtime\Cache\Portal\99ea5d8ed120167f4dde21f38698b677.php 第 61 行.
NOTIC: [8] Use of undefined constant type - assumed 'type' D:\wwwroot\h5qpdy\data\runtime\Cache\Portal\99ea5d8ed120167f4dde21f38698b677.php 第 61 行.
NOTIC: [8] Undefined index: type D:\wwwroot\h5qpdy\data\runtime\Cache\Portal\99ea5d8ed120167f4dde21f38698b677.php 第 61 行.
NOTIC: [8] Use of undefined constant id - assumed 'id' D:\wwwroot\h5qpdy\data\runtime\Cache\Portal\99ea5d8ed120167f4dde21f38698b677.php 第 61 行.
NOTIC: [8] Use of undefined constant type - assumed 'type' D:\wwwroot\h5qpdy\data\runtime\Cache\Portal\99ea5d8ed120167f4dde21f38698b677.php 第 61 行.
NOTIC: [8] Undefined index: type D:\wwwroot\h5qpdy\data\runtime\Cache\Portal\99ea5d8ed120167f4dde21f38698b677.php 第 61 行.
NOTIC: [8] Use of undefined constant id - assumed 'id' D:\wwwroot\h5qpdy\data\runtime\Cache\Portal\99ea5d8ed120167f4dde21f38698b677.php 第 61 行.
NOTIC: [8] Use of undefined constant type - assumed 'type' D:\wwwroot\h5qpdy\data\runtime\Cache\Portal\99ea5d8ed120167f4dde21f38698b677.php 第 61 行.
NOTIC: [8] Undefined index: type D:\wwwroot\h5qpdy\data\runtime\Cache\Portal\99ea5d8ed120167f4dde21f38698b677.php 第 61 行.
NOTIC: [8] Use of undefined constant id - assumed 'id' D:\wwwroot\h5qpdy\data\runtime\Cache\Portal\99ea5d8ed120167f4dde21f38698b677.php 第 61 行.
NOTIC: [8] Use of undefined constant type - assumed 'type' D:\wwwroot\h5qpdy\data\runtime\Cache\Portal\99ea5d8ed120167f4dde21f38698b677.php 第 61 行.
NOTIC: [8] Undefined index: type D:\wwwroot\h5qpdy\data\runtime\Cache\Portal\99ea5d8ed120167f4dde21f38698b677.php 第 61 行.
NOTIC: [8] Use of undefined constant id - assumed 'id' D:\wwwroot\h5qpdy\data\runtime\Cache\Portal\99ea5d8ed120167f4dde21f38698b677.php 第 61 行.
NOTIC: [8] Use of undefined constant type - assumed 'type' D:\wwwroot\h5qpdy\data\runtime\Cache\Portal\99ea5d8ed120167f4dde21f38698b677.php 第 61 行.
NOTIC: [8] Undefined index: type D:\wwwroot\h5qpdy\data\runtime\Cache\Portal\99ea5d8ed120167f4dde21f38698b677.php 第 61 行.
NOTIC: [8] Use of undefined constant id - assumed 'id' D:\wwwroot\h5qpdy\data\runtime\Cache\Portal\99ea5d8ed120167f4dde21f38698b677.php 第 61 行.
NOTIC: [8] Use of undefined constant type - assumed 'type' D:\wwwroot\h5qpdy\data\runtime\Cache\Portal\99ea5d8ed120167f4dde21f38698b677.php 第 61 行.
NOTIC: [8] Undefined index: type D:\wwwroot\h5qpdy\data\runtime\Cache\Portal\99ea5d8ed120167f4dde21f38698b677.php 第 61 行.
NOTIC: [8] Use of undefined constant id - assumed 'id' D:\wwwroot\h5qpdy\data\runtime\Cache\Portal\99ea5d8ed120167f4dde21f38698b677.php 第 61 行.
NOTIC: [8] Use of undefined constant type - assumed 'type' D:\wwwroot\h5qpdy\data\runtime\Cache\Portal\99ea5d8ed120167f4dde21f38698b677.php 第 61 行.
NOTIC: [8] Undefined index: type D:\wwwroot\h5qpdy\data\runtime\Cache\Portal\99ea5d8ed120167f4dde21f38698b677.php 第 61 行.
NOTIC: [8] Use of undefined constant id - assumed 'id' D:\wwwroot\h5qpdy\data\runtime\Cache\Portal\99ea5d8ed120167f4dde21f38698b677.php 第 61 行.
NOTIC: [8] Use of undefined constant type - assumed 'type' D:\wwwroot\h5qpdy\data\runtime\Cache\Portal\99ea5d8ed120167f4dde21f38698b677.php 第 61 行.
NOTIC: [8] Undefined index: type D:\wwwroot\h5qpdy\data\runtime\Cache\Portal\99ea5d8ed120167f4dde21f38698b677.php 第 61 行.
NOTIC: [8] Use of undefined constant id - assumed 'id' D:\wwwroot\h5qpdy\data\runtime\Cache\Portal\99ea5d8ed120167f4dde21f38698b677.php 第 61 行.
NOTIC: [8] Use of undefined constant type - assumed 'type' D:\wwwroot\h5qpdy\data\runtime\Cache\Portal\99ea5d8ed120167f4dde21f38698b677.php 第 61 行.
NOTIC: [8] Undefined index: type D:\wwwroot\h5qpdy\data\runtime\Cache\Portal\99ea5d8ed120167f4dde21f38698b677.php 第 61 行.
NOTIC: [8] Use of undefined constant id - assumed 'id' D:\wwwroot\h5qpdy\data\runtime\Cache\Portal\99ea5d8ed120167f4dde21f38698b677.php 第 61 行.
NOTIC: [8] Use of undefined constant type - assumed 'type' D:\wwwroot\h5qpdy\data\runtime\Cache\Portal\99ea5d8ed120167f4dde21f38698b677.php 第 61 行.
NOTIC: [8] Undefined index: type D:\wwwroot\h5qpdy\data\runtime\Cache\Portal\99ea5d8ed120167f4dde21f38698b677.php 第 61 行.
NOTIC: [8] Use of undefined constant id - assumed 'id' D:\wwwroot\h5qpdy\data\runtime\Cache\Portal\99ea5d8ed120167f4dde21f38698b677.php 第 61 行.
NOTIC: [8] Use of undefined constant type - assumed 'type' D:\wwwroot\h5qpdy\data\runtime\Cache\Portal\99ea5d8ed120167f4dde21f38698b677.php 第 61 行.
NOTIC: [8] Undefined index: type D:\wwwroot\h5qpdy\data\runtime\Cache\Portal\99ea5d8ed120167f4dde21f38698b677.php 第 61 行.
NOTIC: [8] Use of undefined constant id - assumed 'id' D:\wwwroot\h5qpdy\data\runtime\Cache\Portal\99ea5d8ed120167f4dde21f38698b677.php 第 61 行.
NOTIC: [8] Use of undefined constant type - assumed 'type' D:\wwwroot\h5qpdy\data\runtime\Cache\Portal\99ea5d8ed120167f4dde21f38698b677.php 第 61 行.
NOTIC: [8] Undefined index: type D:\wwwroot\h5qpdy\data\runtime\Cache\Portal\99ea5d8ed120167f4dde21f38698b677.php 第 61 行.
NOTIC: [8] Use of undefined constant id - assumed 'id' D:\wwwroot\h5qpdy\data\runtime\Cache\Portal\99ea5d8ed120167f4dde21f38698b677.php 第 61 行.
NOTIC: [8] Use of undefined constant type - assumed 'type' D:\wwwroot\h5qpdy\data\runtime\Cache\Portal\99ea5d8ed120167f4dde21f38698b677.php 第 61 行.
NOTIC: [8] Undefined index: type D:\wwwroot\h5qpdy\data\runtime\Cache\Portal\99ea5d8ed120167f4dde21f38698b677.php 第 61 行.
NOTIC: [8] Use of undefined constant id - assumed 'id' D:\wwwroot\h5qpdy\data\runtime\Cache\Portal\99ea5d8ed120167f4dde21f38698b677.php 第 61 行.
NOTIC: [8] Use of undefined constant type - assumed 'type' D:\wwwroot\h5qpdy\data\runtime\Cache\Portal\99ea5d8ed120167f4dde21f38698b677.php 第 61 行.
NOTIC: [8] Undefined index: type D:\wwwroot\h5qpdy\data\runtime\Cache\Portal\99ea5d8ed120167f4dde21f38698b677.php 第 61 行.
NOTIC: [8] Use of undefined constant id - assumed 'id' D:\wwwroot\h5qpdy\data\runtime\Cache\Portal\99ea5d8ed120167f4dde21f38698b677.php 第 61 行.
NOTIC: [8] Use of undefined constant type - assumed 'type' D:\wwwroot\h5qpdy\data\runtime\Cache\Portal\99ea5d8ed120167f4dde21f38698b677.php 第 61 行.
NOTIC: [8] Undefined index: type D:\wwwroot\h5qpdy\data\runtime\Cache\Portal\99ea5d8ed120167f4dde21f38698b677.php 第 61 行.
NOTIC: [8] Use of undefined constant id - assumed 'id' D:\wwwroot\h5qpdy\data\runtime\Cache\Portal\99ea5d8ed120167f4dde21f38698b677.php 第 61 行.
NOTIC: [8] Use of undefined constant type - assumed 'type' D:\wwwroot\h5qpdy\data\runtime\Cache\Portal\99ea5d8ed120167f4dde21f38698b677.php 第 61 行.
NOTIC: [8] Undefined index: type D:\wwwroot\h5qpdy\data\runtime\Cache\Portal\99ea5d8ed120167f4dde21f38698b677.php 第 61 行.
NOTIC: [8] Use of undefined constant id - assumed 'id' D:\wwwroot\h5qpdy\data\runtime\Cache\Portal\99ea5d8ed120167f4dde21f38698b677.php 第 61 行.
NOTIC: [8] Use of undefined constant type - assumed 'type' D:\wwwroot\h5qpdy\data\runtime\Cache\Portal\99ea5d8ed120167f4dde21f38698b677.php 第 61 行.
NOTIC: [8] Undefined index: type D:\wwwroot\h5qpdy\data\runtime\Cache\Portal\99ea5d8ed120167f4dde21f38698b677.php 第 61 行.
NOTIC: [8] Use of undefined constant id - assumed 'id' D:\wwwroot\h5qpdy\data\runtime\Cache\Portal\99ea5d8ed120167f4dde21f38698b677.php 第 61 行.
NOTIC: [8] Use of undefined constant type - assumed 'type' D:\wwwroot\h5qpdy\data\runtime\Cache\Portal\99ea5d8ed120167f4dde21f38698b677.php 第 61 行.
NOTIC: [8] Undefined index: type D:\wwwroot\h5qpdy\data\runtime\Cache\Portal\99ea5d8ed120167f4dde21f38698b677.php 第 61 行.
NOTIC: [8] Use of undefined constant name - assumed 'name' D:\wwwroot\h5qpdy\data\runtime\Cache\Portal\99ea5d8ed120167f4dde21f38698b677.php 第 65 行.
NOTIC: [8] Undefined index: name D:\wwwroot\h5qpdy\data\runtime\Cache\Portal\99ea5d8ed120167f4dde21f38698b677.php 第 65 行.
SQL: SELECT * FROM `jz_game` WHERE `id` = 28 LIMIT 1   [ RunTime:0.0004s ]
SQL: SELECT * FROM `jz_game` WHERE `id` = 27 LIMIT 1   [ RunTime:0.0002s ]
SQL: SELECT * FROM `jz_game` WHERE `id` = 27 LIMIT 1   [ RunTime:0.0002s ]
SQL: SELECT * FROM `jz_game` WHERE `id` = 26 LIMIT 1   [ RunTime:0.0002s ]
SQL: SELECT * FROM `jz_game` WHERE `id` = 23 LIMIT 1   [ RunTime:0.0003s ]
SQL: SELECT * FROM `jz_game` WHERE `id` = 22 LIMIT 1   [ RunTime:0.0005s ]
SQL: SELECT * FROM `jz_game` WHERE `id` = 22 LIMIT 1   [ RunTime:0.0003s ]
SQL: SELECT * FROM `jz_game` WHERE `id` = 20 LIMIT 1   [ RunTime:0.0004s ]
SQL: SELECT * FROM `jz_game` WHERE `id` = 20 LIMIT 1   [ RunTime:0.0003s ]
SQL: SELECT * FROM `jz_game` WHERE `id` = 21 LIMIT 1   [ RunTime:0.0003s ]
NOTIC: [8] Undefined variable: formget D:\wwwroot\h5qpdy\data\runtime\Cache\Portal\99ea5d8ed120167f4dde21f38698b677.php 第 104 行.
INFO: Run Behavior\ParseTemplateBehavior [ RunTime:0.018673s ]
INFO: [ view_parse ] --END-- [ RunTime:0.018712s ]
INFO: [ view_filter ] --START--
INFO: Run Behavior\WriteHtmlCacheBehavior [ RunTime:0.000674s ]
INFO: Run Common\Behavior\TmplStripSpaceBehavior [ RunTime:0.000518s ]
INFO: [ view_filter ] --END-- [ RunTime:0.001251s ]
INFO: [ app_end ] --START--
INFO: Run Behavior\ShowPageTraceBehavior [ RunTime:0.001024s ]
INFO: [ app_end ] --END-- [ RunTime:0.001081s ]

[ 2018-04-05T19:35:18+08:00 ] 127.0.0.1 /Portal/AdminUser/index
INFO: [ app_begin ] --START--
INFO: Run Behavior\ReadHtmlCacheBehavior [ RunTime:0.001936s ]
INFO: Run Behavior\CheckLangBehavior [ RunTime:0.002398s ]
INFO: Run Common\Behavior\UrldecodeGetBehavior [ RunTime:0.000681s ]
INFO: [ app_begin ] --END-- [ RunTime:0.005975s ]
INFO: [ admin_begin ] --START--
INFO: Run Common\Behavior\AdminDefaultLangBehavior [ RunTime:0.002513s ]
INFO: [ admin_begin ] --END-- [ RunTime:0.002591s ]
SQL: SHOW COLUMNS FROM `jz_options` [ RunTime:0.0065s ]
SQL: SELECT `option_value` FROM `jz_options` WHERE `option_name` = 'extract' LIMIT 1   [ RunTime:0.0005s ]
SQL: SELECT `option_value` FROM `jz_options` WHERE `option_name` = 'bonus' LIMIT 1   [ RunTime:0.0002s ]
SQL: SHOW COLUMNS FROM `jz_users` [ RunTime:0.0072s ]
SQL: SELECT * FROM `jz_users` WHERE `id` = '1' LIMIT 1   [ RunTime:0.0005s ]
SQL: SHOW COLUMNS FROM `jz_user` [ RunTime:0.0067s ]
SQL: SHOW COLUMNS FROM `jz_all_record` [ RunTime:0.0081s ]
SQL: SELECT COUNT(*) AS tp_count FROM `jz_user` LIMIT 1   [ RunTime:0.0003s ]
SQL: SELECT * FROM `jz_user` ORDER BY `id` desc LIMIT 0,20   [ RunTime:0.0005s ]
INFO: [ view_parse ] --START--
INFO: [ template_filter ] --START--
INFO: Run Behavior\ContentReplaceBehavior [ RunTime:0.000269s ]
INFO: [ template_filter ] --END-- [ RunTime:0.000329s ]
NOTIC: [8] Use of undefined constant user_status - assumed 'user_status' D:\wwwroot\h5qpdy\data\runtime\Cache\Portal\5b21c7062c460a49306c5598f44c4a95.php 第 61 行.
NOTIC: [8] Undefined index: user_status D:\wwwroot\h5qpdy\data\runtime\Cache\Portal\5b21c7062c460a49306c5598f44c4a95.php 第 61 行.
NOTIC: [8] Use of undefined constant user_status - assumed 'user_status' D:\wwwroot\h5qpdy\data\runtime\Cache\Portal\5b21c7062c460a49306c5598f44c4a95.php 第 62 行.
NOTIC: [8] Undefined index: user_status D:\wwwroot\h5qpdy\data\runtime\Cache\Portal\5b21c7062c460a49306c5598f44c4a95.php 第 62 行.
NOTIC: [8] Use of undefined constant user_status - assumed 'user_status' D:\wwwroot\h5qpdy\data\runtime\Cache\Portal\5b21c7062c460a49306c5598f44c4a95.php 第 63 行.
NOTIC: [8] Undefined index: user_status D:\wwwroot\h5qpdy\data\runtime\Cache\Portal\5b21c7062c460a49306c5598f44c4a95.php 第 63 行.
NOTIC: [8] Use of undefined constant typelx - assumed 'typelx' D:\wwwroot\h5qpdy\data\runtime\Cache\Portal\5b21c7062c460a49306c5598f44c4a95.php 第 68 行.
NOTIC: [8] Undefined index: typelx D:\wwwroot\h5qpdy\data\runtime\Cache\Portal\5b21c7062c460a49306c5598f44c4a95.php 第 68 行.
NOTIC: [8] Use of undefined constant typelx - assumed 'typelx' D:\wwwroot\h5qpdy\data\runtime\Cache\Portal\5b21c7062c460a49306c5598f44c4a95.php 第 69 行.
NOTIC: [8] Undefined index: typelx D:\wwwroot\h5qpdy\data\runtime\Cache\Portal\5b21c7062c460a49306c5598f44c4a95.php 第 69 行.
NOTIC: [8] Use of undefined constant typelx - assumed 'typelx' D:\wwwroot\h5qpdy\data\runtime\Cache\Portal\5b21c7062c460a49306c5598f44c4a95.php 第 70 行.
NOTIC: [8] Undefined index: typelx D:\wwwroot\h5qpdy\data\runtime\Cache\Portal\5b21c7062c460a49306c5598f44c4a95.php 第 70 行.
NOTIC: [8] Use of undefined constant typelx - assumed 'typelx' D:\wwwroot\h5qpdy\data\runtime\Cache\Portal\5b21c7062c460a49306c5598f44c4a95.php 第 71 行.
NOTIC: [8] Undefined index: typelx D:\wwwroot\h5qpdy\data\runtime\Cache\Portal\5b21c7062c460a49306c5598f44c4a95.php 第 71 行.
NOTIC: [8] Undefined index: room_id D:\wwwroot\h5qpdy\data\runtime\Cache\Portal\5b21c7062c460a49306c5598f44c4a95.php 第 77 行.
NOTIC: [8] Undefined index: user_login D:\wwwroot\h5qpdy\data\runtime\Cache\Portal\5b21c7062c460a49306c5598f44c4a95.php 第 79 行.
NOTIC: [8] Undefined index: nickname D:\wwwroot\h5qpdy\data\runtime\Cache\Portal\5b21c7062c460a49306c5598f44c4a95.php 第 81 行.
INFO: Run Behavior\ParseTemplateBehavior [ RunTime:0.031682s ]
INFO: [ view_parse ] --END-- [ RunTime:0.031728s ]
INFO: [ view_filter ] --START--
INFO: Run Behavior\WriteHtmlCacheBehavior [ RunTime:0.000528s ]
INFO: Run Common\Behavior\TmplStripSpaceBehavior [ RunTime:0.000607s ]
INFO: [ view_filter ] --END-- [ RunTime:0.001195s ]
INFO: [ app_end ] --START--
INFO: Run Behavior\ShowPageTraceBehavior [ RunTime:0.000670s ]
INFO: [ app_end ] --END-- [ RunTime:0.000700s ]

[ 2018-04-05T19:35:22+08:00 ] 127.0.0.1 /Portal/AdminUser/index
INFO: [ app_begin ] --START--
INFO: Run Behavior\ReadHtmlCacheBehavior [ RunTime:0.000826s ]
INFO: Run Behavior\CheckLangBehavior [ RunTime:0.001124s ]
INFO: Run Common\Behavior\UrldecodeGetBehavior [ RunTime:0.000503s ]
INFO: [ app_begin ] --END-- [ RunTime:0.003119s ]
INFO: [ admin_begin ] --START--
INFO: Run Common\Behavior\AdminDefaultLangBehavior [ RunTime:0.004679s ]
INFO: [ admin_begin ] --END-- [ RunTime:0.004787s ]
SQL: SHOW COLUMNS FROM `jz_options` [ RunTime:0.0069s ]
SQL: SELECT `option_value` FROM `jz_options` WHERE `option_name` = 'extract' LIMIT 1   [ RunTime:0.0002s ]
SQL: SELECT `option_value` FROM `jz_options` WHERE `option_name` = 'bonus' LIMIT 1   [ RunTime:0.0002s ]
SQL: SHOW COLUMNS FROM `jz_users` [ RunTime:0.0047s ]
SQL: SELECT * FROM `jz_users` WHERE `id` = '1' LIMIT 1   [ RunTime:0.0003s ]
SQL: SHOW COLUMNS FROM `jz_user` [ RunTime:0.0077s ]
SQL: SHOW COLUMNS FROM `jz_all_record` [ RunTime:0.0071s ]
SQL: SELECT COUNT(*) AS tp_count FROM `jz_user` LIMIT 1   [ RunTime:0.0004s ]
SQL: SELECT * FROM `jz_user` ORDER BY `id` desc LIMIT 0,20   [ RunTime:0.0015s ]
INFO: [ view_parse ] --START--
INFO: [ template_filter ] --START--
INFO: Run Behavior\ContentReplaceBehavior [ RunTime:0.000288s ]
INFO: [ template_filter ] --END-- [ RunTime:0.000535s ]
NOTIC: [8] Use of undefined constant user_status - assumed 'user_status' D:\wwwroot\h5qpdy\data\runtime\Cache\Portal\5b21c7062c460a49306c5598f44c4a95.php 第 61 行.
NOTIC: [8] Undefined index: user_status D:\wwwroot\h5qpdy\data\runtime\Cache\Portal\5b21c7062c460a49306c5598f44c4a95.php 第 61 行.
NOTIC: [8] Use of undefined constant user_status - assumed 'user_status' D:\wwwroot\h5qpdy\data\runtime\Cache\Portal\5b21c7062c460a49306c5598f44c4a95.php 第 62 行.
NOTIC: [8] Undefined index: user_status D:\wwwroot\h5qpdy\data\runtime\Cache\Portal\5b21c7062c460a49306c5598f44c4a95.php 第 62 行.
NOTIC: [8] Use of undefined constant user_status - assumed 'user_status' D:\wwwroot\h5qpdy\data\runtime\Cache\Portal\5b21c7062c460a49306c5598f44c4a95.php 第 63 行.
NOTIC: [8] Undefined index: user_status D:\wwwroot\h5qpdy\data\runtime\Cache\Portal\5b21c7062c460a49306c5598f44c4a95.php 第 63 行.
NOTIC: [8] Use of undefined constant typelx - assumed 'typelx' D:\wwwroot\h5qpdy\data\runtime\Cache\Portal\5b21c7062c460a49306c5598f44c4a95.php 第 68 行.
NOTIC: [8] Undefined index: typelx D:\wwwroot\h5qpdy\data\runtime\Cache\Portal\5b21c7062c460a49306c5598f44c4a95.php 第 68 行.
NOTIC: [8] Use of undefined constant typelx - assumed 'typelx' D:\wwwroot\h5qpdy\data\runtime\Cache\Portal\5b21c7062c460a49306c5598f44c4a95.php 第 69 行.
NOTIC: [8] Undefined index: typelx D:\wwwroot\h5qpdy\data\runtime\Cache\Portal\5b21c7062c460a49306c5598f44c4a95.php 第 69 行.
NOTIC: [8] Use of undefined constant typelx - assumed 'typelx' D:\wwwroot\h5qpdy\data\runtime\Cache\Portal\5b21c7062c460a49306c5598f44c4a95.php 第 70 行.
NOTIC: [8] Undefined index: typelx D:\wwwroot\h5qpdy\data\runtime\Cache\Portal\5b21c7062c460a49306c5598f44c4a95.php 第 70 行.
NOTIC: [8] Use of undefined constant typelx - assumed 'typelx' D:\wwwroot\h5qpdy\data\runtime\Cache\Portal\5b21c7062c460a49306c5598f44c4a95.php 第 71 行.
NOTIC: [8] Undefined index: typelx D:\wwwroot\h5qpdy\data\runtime\Cache\Portal\5b21c7062c460a49306c5598f44c4a95.php 第 71 行.
NOTIC: [8] Undefined index: room_id D:\wwwroot\h5qpdy\data\runtime\Cache\Portal\5b21c7062c460a49306c5598f44c4a95.php 第 77 行.
NOTIC: [8] Undefined index: user_login D:\wwwroot\h5qpdy\data\runtime\Cache\Portal\5b21c7062c460a49306c5598f44c4a95.php 第 79 行.
NOTIC: [8] Undefined index: nickname D:\wwwroot\h5qpdy\data\runtime\Cache\Portal\5b21c7062c460a49306c5598f44c4a95.php 第 81 行.
INFO: Run Behavior\ParseTemplateBehavior [ RunTime:0.015865s ]
INFO: [ view_parse ] --END-- [ RunTime:0.015919s ]
INFO: [ view_filter ] --START--
INFO: Run Behavior\WriteHtmlCacheBehavior [ RunTime:0.000631s ]
INFO: Run Common\Behavior\TmplStripSpaceBehavior [ RunTime:0.000613s ]
INFO: [ view_filter ] --END-- [ RunTime:0.001315s ]
INFO: [ app_end ] --START--
INFO: Run Behavior\ShowPageTraceBehavior [ RunTime:0.000928s ]
INFO: [ app_end ] --END-- [ RunTime:0.000981s ]

