[ 2018-04-05T17:43:14+08:00 ] 127.0.0.1 /Admin/setting/site_post
INFO: [ app_begin ] --START--
INFO: Run Behavior\ReadHtmlCacheBehavior [ RunTime:0.000946s ]
INFO: Run Behavior\CheckLangBehavior [ RunTime:0.003410s ]
INFO: Run Common\Behavior\UrldecodeGetBehavior [ RunTime:0.000408s ]
INFO: [ app_begin ] --END-- [ RunTime:0.005663s ]
INFO: [ admin_begin ] --START--
INFO: Run Common\Behavior\AdminDefaultLangBehavior [ RunTime:0.001673s ]
INFO: [ admin_begin ] --END-- [ RunTime:0.001712s ]
SQL: SHOW COLUMNS FROM `jz_users` [ RunTime:0.0067s ]
SQL: SELECT * FROM `jz_users` WHERE `id` = '1' LIMIT 1   [ RunTime:0.0005s ]
SQL: SHOW COLUMNS FROM `jz_options` [ RunTime:0.0087s ]
SQL: SELECT * FROM `jz_options` WHERE ( option_name='site_options' ) LIMIT 1   [ RunTime:0.0004s ]
SQL: UPDATE `jz_options` SET `option_id`='2',`option_name`='site_options',`option_value`='{\"site_name\":\"\\u6e90\\u7801\\u793e\\u533a|www.cxnd.com\",\"site_admin_url_password\":\"han\",\"site_tpl\":\"game\",\"site_adminstyle\":\"flat\",\"site_icp\":\"\",\"site_admin_email\":\"\",\"site_tongji\":\"\",\"site_copyright\":\"\",\"site_seo_title\":\"\\u822a\\u6d77\\u5bb6\",\"site_seo_keywords\":\"\\u822a\\u6d77\\u5bb6\",\"site_seo_description\":\"\\u822a\\u6d77\\u5bb6\",\"urlmode\":\"1\",\"html_suffix\":\"\",\"comment_time_interval\":\"60\"}' WHERE ( option_name='site_options' ) [ RunTime:0.0003s ]
SQL: SHOW COLUMNS FROM `jz_options` [ RunTime:0.0070s ]
SQL: SELECT * FROM `jz_options` WHERE ( option_name='cmf_settings' ) LIMIT 1   [ RunTime:0.0004s ]
SQL: UPDATE `jz_options` SET `option_name`='cmf_settings',`option_value`='{\"banned_usernames\":\"\"}' WHERE ( option_name='cmf_settings' ) [ RunTime:0.0003s ]
SQL: SELECT * FROM `jz_options` WHERE `option_name` = 'cdn_settings' LIMIT 1   [ RunTime:0.0003s ]
SQL: UPDATE `jz_options` SET `option_value`='{\"cdn_static_root\":\"\"}' WHERE `option_name` = 'cdn_settings' [ RunTime:0.0002s ]

[ 2018-04-05T17:43:15+08:00 ] 127.0.0.1 /Admin/Setting/site
INFO: [ app_begin ] --START--
INFO: Run Behavior\ReadHtmlCacheBehavior [ RunTime:0.000536s ]
INFO: Run Behavior\CheckLangBehavior [ RunTime:0.001859s ]
INFO: Run Common\Behavior\UrldecodeGetBehavior [ RunTime:0.000466s ]
INFO: [ app_begin ] --END-- [ RunTime:0.003330s ]
INFO: [ admin_begin ] --START--
INFO: Run Common\Behavior\AdminDefaultLangBehavior [ RunTime:0.006890s ]
INFO: [ admin_begin ] --END-- [ RunTime:0.007099s ]
SQL: SHOW COLUMNS FROM `jz_options` [ RunTime:0.0047s ]
SQL: SELECT `option_value` FROM `jz_options` WHERE `option_name` = 'extract' LIMIT 1   [ RunTime:0.0002s ]
SQL: SELECT `option_value` FROM `jz_options` WHERE `option_name` = 'bonus' LIMIT 1   [ RunTime:0.0002s ]
SQL: SHOW COLUMNS FROM `jz_users` [ RunTime:0.0073s ]
SQL: SELECT * FROM `jz_users` WHERE `id` = '1' LIMIT 1   [ RunTime:0.0005s ]
SQL: SHOW COLUMNS FROM `jz_options` [ RunTime:0.0050s ]
SQL: SELECT * FROM `jz_options` WHERE ( option_name='site_options' ) LIMIT 1   [ RunTime:0.0003s ]
SQL: SELECT `option_value` FROM `jz_options` WHERE ( option_name='cmf_settings' ) LIMIT 1   [ RunTime:0.0002s ]
INFO: [ view_parse ] --START--
INFO: [ template_filter ] --START--
INFO: Run Behavior\ContentReplaceBehavior [ RunTime:0.000150s ]
INFO: [ template_filter ] --END-- [ RunTime:0.000184s ]
INFO: Run Behavior\ParseTemplateBehavior [ RunTime:0.019357s ]
INFO: [ view_parse ] --END-- [ RunTime:0.019428s ]
INFO: [ view_filter ] --START--
INFO: Run Behavior\WriteHtmlCacheBehavior [ RunTime:0.000718s ]
INFO: Run Common\Behavior\TmplStripSpaceBehavior [ RunTime:0.000640s ]
INFO: [ view_filter ] --END-- [ RunTime:0.001441s ]
INFO: [ app_end ] --START--
INFO: Run Behavior\ShowPageTraceBehavior [ RunTime:0.000823s ]
INFO: [ app_end ] --END-- [ RunTime:0.000872s ]

[ 2018-04-05T17:43:24+08:00 ] 127.0.0.1 /Admin/User/userinfo
INFO: [ app_begin ] --START--
INFO: Run Behavior\ReadHtmlCacheBehavior [ RunTime:0.001068s ]
INFO: Run Behavior\CheckLangBehavior [ RunTime:0.003224s ]
INFO: Run Common\Behavior\UrldecodeGetBehavior [ RunTime:0.000549s ]
INFO: [ app_begin ] --END-- [ RunTime:0.008791s ]
INFO: [ admin_begin ] --START--
INFO: Run Common\Behavior\AdminDefaultLangBehavior [ RunTime:0.002185s ]
INFO: [ admin_begin ] --END-- [ RunTime:0.002236s ]
SQL: SHOW COLUMNS FROM `jz_options` [ RunTime:0.0047s ]
SQL: SELECT `option_value` FROM `jz_options` WHERE `option_name` = 'extract' LIMIT 1   [ RunTime:0.0004s ]
SQL: SELECT `option_value` FROM `jz_options` WHERE `option_name` = 'bonus' LIMIT 1   [ RunTime:0.0003s ]
SQL: SHOW COLUMNS FROM `jz_users` [ RunTime:0.0082s ]
SQL: SELECT * FROM `jz_users` WHERE `id` = '1' LIMIT 1   [ RunTime:0.0004s ]
SQL: SHOW COLUMNS FROM `jz_users` [ RunTime:0.0057s ]
SQL: SHOW COLUMNS FROM `jz_role` [ RunTime:0.0063s ]
SQL: SELECT * FROM `jz_users` WHERE `id` = '1' LIMIT 1   [ RunTime:0.0003s ]
INFO: [ view_parse ] --START--
INFO: [ template_filter ] --START--
INFO: Run Behavior\ContentReplaceBehavior [ RunTime:0.000060s ]
INFO: [ template_filter ] --END-- [ RunTime:0.000095s ]
INFO: Run Behavior\ParseTemplateBehavior [ RunTime:0.011140s ]
INFO: [ view_parse ] --END-- [ RunTime:0.011202s ]
INFO: [ view_filter ] --START--
INFO: Run Behavior\WriteHtmlCacheBehavior [ RunTime:0.000785s ]
INFO: Run Common\Behavior\TmplStripSpaceBehavior [ RunTime:0.000757s ]
INFO: [ view_filter ] --END-- [ RunTime:0.001634s ]
INFO: [ app_end ] --START--
INFO: Run Behavior\ShowPageTraceBehavior [ RunTime:0.000813s ]
INFO: [ app_end ] --END-- [ RunTime:0.000865s ]

[ 2018-04-05T17:43:24+08:00 ] 127.0.0.1 /Admin/Setting/password
INFO: [ app_begin ] --START--
INFO: Run Behavior\ReadHtmlCacheBehavior [ RunTime:0.000583s ]
INFO: Run Behavior\CheckLangBehavior [ RunTime:0.001546s ]
INFO: Run Common\Behavior\UrldecodeGetBehavior [ RunTime:0.000440s ]
INFO: [ app_begin ] --END-- [ RunTime:0.003138s ]
INFO: [ admin_begin ] --START--
INFO: Run Common\Behavior\AdminDefaultLangBehavior [ RunTime:0.003446s ]
INFO: [ admin_begin ] --END-- [ RunTime:0.003499s ]
SQL: SHOW COLUMNS FROM `jz_options` [ RunTime:0.0060s ]
SQL: SELECT `option_value` FROM `jz_options` WHERE `option_name` = 'extract' LIMIT 1   [ RunTime:0.0003s ]
SQL: SELECT `option_value` FROM `jz_options` WHERE `option_name` = 'bonus' LIMIT 1   [ RunTime:0.0002s ]
SQL: SHOW COLUMNS FROM `jz_users` [ RunTime:0.0067s ]
SQL: SELECT * FROM `jz_users` WHERE `id` = '1' LIMIT 1   [ RunTime:0.0004s ]
SQL: SHOW COLUMNS FROM `jz_options` [ RunTime:0.0071s ]
INFO: [ view_parse ] --START--
INFO: [ template_filter ] --START--
INFO: Run Behavior\ContentReplaceBehavior [ RunTime:0.000066s ]
INFO: [ template_filter ] --END-- [ RunTime:0.000112s ]
INFO: Run Behavior\ParseTemplateBehavior [ RunTime:0.008884s ]
INFO: [ view_parse ] --END-- [ RunTime:0.008939s ]
INFO: [ view_filter ] --START--
INFO: Run Behavior\WriteHtmlCacheBehavior [ RunTime:0.000544s ]
INFO: Run Common\Behavior\TmplStripSpaceBehavior [ RunTime:0.000411s ]
INFO: [ view_filter ] --END-- [ RunTime:0.001007s ]
INFO: [ app_end ] --START--
INFO: Run Behavior\ShowPageTraceBehavior [ RunTime:0.000580s ]
INFO: [ app_end ] --END-- [ RunTime:0.000606s ]

[ 2018-04-05T17:43:25+08:00 ] 127.0.0.1 /Admin/Setting/site
INFO: [ app_begin ] --START--
INFO: Run Behavior\ReadHtmlCacheBehavior [ RunTime:0.001646s ]
INFO: Run Behavior\CheckLangBehavior [ RunTime:0.002982s ]
INFO: Run Common\Behavior\UrldecodeGetBehavior [ RunTime:0.000783s ]
INFO: [ app_begin ] --END-- [ RunTime:0.005877s ]
INFO: [ admin_begin ] --START--
INFO: Run Common\Behavior\AdminDefaultLangBehavior [ RunTime:0.001763s ]
INFO: [ admin_begin ] --END-- [ RunTime:0.001814s ]
SQL: SHOW COLUMNS FROM `jz_options` [ RunTime:0.0065s ]
SQL: SELECT `option_value` FROM `jz_options` WHERE `option_name` = 'extract' LIMIT 1   [ RunTime:0.0004s ]
SQL: SELECT `option_value` FROM `jz_options` WHERE `option_name` = 'bonus' LIMIT 1   [ RunTime:0.0003s ]
SQL: SHOW COLUMNS FROM `jz_users` [ RunTime:0.0078s ]
SQL: SELECT * FROM `jz_users` WHERE `id` = '1' LIMIT 1   [ RunTime:0.0003s ]
SQL: SHOW COLUMNS FROM `jz_options` [ RunTime:0.0050s ]
SQL: SELECT * FROM `jz_options` WHERE ( option_name='site_options' ) LIMIT 1   [ RunTime:0.0006s ]
SQL: SELECT `option_value` FROM `jz_options` WHERE ( option_name='cmf_settings' ) LIMIT 1   [ RunTime:0.0003s ]
INFO: [ view_parse ] --START--
INFO: [ template_filter ] --START--
INFO: Run Behavior\ContentReplaceBehavior [ RunTime:0.000146s ]
INFO: [ template_filter ] --END-- [ RunTime:0.000179s ]
INFO: Run Behavior\ParseTemplateBehavior [ RunTime:0.012264s ]
INFO: [ view_parse ] --END-- [ RunTime:0.012318s ]
INFO: [ view_filter ] --START--
INFO: Run Behavior\WriteHtmlCacheBehavior [ RunTime:0.000435s ]
INFO: Run Common\Behavior\TmplStripSpaceBehavior [ RunTime:0.000403s ]
INFO: [ view_filter ] --END-- [ RunTime:0.000882s ]
INFO: [ app_end ] --START--
INFO: Run Behavior\ShowPageTraceBehavior [ RunTime:0.003100s ]
INFO: [ app_end ] --END-- [ RunTime:0.003151s ]

[ 2018-04-05T17:43:27+08:00 ] 127.0.0.1 /Admin/User/index
INFO: [ app_begin ] --START--
INFO: Run Behavior\ReadHtmlCacheBehavior [ RunTime:0.003283s ]
INFO: Run Behavior\CheckLangBehavior [ RunTime:0.002499s ]
INFO: Run Common\Behavior\UrldecodeGetBehavior [ RunTime:0.000511s ]
INFO: [ app_begin ] --END-- [ RunTime:0.007124s ]
INFO: [ admin_begin ] --START--
INFO: Run Common\Behavior\AdminDefaultLangBehavior [ RunTime:0.002927s ]
INFO: [ admin_begin ] --END-- [ RunTime:0.003026s ]
SQL: SHOW COLUMNS FROM `jz_options` [ RunTime:0.0074s ]
SQL: SELECT `option_value` FROM `jz_options` WHERE `option_name` = 'extract' LIMIT 1   [ RunTime:0.0005s ]
SQL: SELECT `option_value` FROM `jz_options` WHERE `option_name` = 'bonus' LIMIT 1   [ RunTime:0.0004s ]
SQL: SHOW COLUMNS FROM `jz_users` [ RunTime:0.0073s ]
SQL: SELECT * FROM `jz_users` WHERE `id` = '1' LIMIT 1   [ RunTime:0.0006s ]
SQL: SHOW COLUMNS FROM `jz_users` [ RunTime:0.0074s ]
SQL: SHOW COLUMNS FROM `jz_role` [ RunTime:0.0088s ]
SQL: SELECT COUNT(*) AS tp_count FROM `jz_users` WHERE `user_type` = 1 LIMIT 1   [ RunTime:0.0004s ]
SQL: SELECT * FROM `jz_users` WHERE `user_type` = 1 ORDER BY create_time DESC LIMIT 0,20   [ RunTime:0.0004s ]
SQL: SELECT * FROM `jz_role`  [ RunTime:0.0003s ]
INFO: [ view_parse ] --START--
INFO: [ template_filter ] --START--
INFO: Run Behavior\ContentReplaceBehavior [ RunTime:0.000067s ]
INFO: [ template_filter ] --END-- [ RunTime:0.000101s ]
INFO: Run Behavior\ParseTemplateBehavior [ RunTime:0.033581s ]
INFO: [ view_parse ] --END-- [ RunTime:0.033643s ]
INFO: [ view_filter ] --START--
INFO: Run Behavior\WriteHtmlCacheBehavior [ RunTime:0.000631s ]
INFO: Run Common\Behavior\TmplStripSpaceBehavior [ RunTime:0.000432s ]
INFO: [ view_filter ] --END-- [ RunTime:0.001116s ]
INFO: [ app_end ] --START--
INFO: Run Behavior\ShowPageTraceBehavior [ RunTime:0.002447s ]
INFO: [ app_end ] --END-- [ RunTime:0.002495s ]

[ 2018-04-05T17:43:29+08:00 ] 127.0.0.1 /Admin/User/index
INFO: [ app_begin ] --START--
INFO: Run Behavior\ReadHtmlCacheBehavior [ RunTime:0.000841s ]
INFO: Run Behavior\CheckLangBehavior [ RunTime:0.001601s ]
INFO: Run Common\Behavior\UrldecodeGetBehavior [ RunTime:0.000348s ]
INFO: [ app_begin ] --END-- [ RunTime:0.003483s ]
INFO: [ admin_begin ] --START--
INFO: Run Common\Behavior\AdminDefaultLangBehavior [ RunTime:0.002607s ]
INFO: [ admin_begin ] --END-- [ RunTime:0.002682s ]
SQL: SHOW COLUMNS FROM `jz_options` [ RunTime:0.0066s ]
SQL: SELECT `option_value` FROM `jz_options` WHERE `option_name` = 'extract' LIMIT 1   [ RunTime:0.0003s ]
SQL: SELECT `option_value` FROM `jz_options` WHERE `option_name` = 'bonus' LIMIT 1   [ RunTime:0.0003s ]
SQL: SHOW COLUMNS FROM `jz_users` [ RunTime:0.0062s ]
SQL: SELECT * FROM `jz_users` WHERE `id` = '1' LIMIT 1   [ RunTime:0.0003s ]
SQL: SHOW COLUMNS FROM `jz_users` [ RunTime:0.0052s ]
SQL: SHOW COLUMNS FROM `jz_role` [ RunTime:0.0070s ]
SQL: SELECT COUNT(*) AS tp_count FROM `jz_users` WHERE `user_type` = 1 LIMIT 1   [ RunTime:0.0003s ]
SQL: SELECT * FROM `jz_users` WHERE `user_type` = 1 ORDER BY create_time DESC LIMIT 0,20   [ RunTime:0.0004s ]
SQL: SELECT * FROM `jz_role`  [ RunTime:0.0002s ]
INFO: [ view_parse ] --START--
INFO: [ template_filter ] --START--
INFO: Run Behavior\ContentReplaceBehavior [ RunTime:0.000067s ]
INFO: [ template_filter ] --END-- [ RunTime:0.000099s ]
INFO: Run Behavior\ParseTemplateBehavior [ RunTime:0.010038s ]
INFO: [ view_parse ] --END-- [ RunTime:0.010079s ]
INFO: [ view_filter ] --START--
INFO: Run Behavior\WriteHtmlCacheBehavior [ RunTime:0.000490s ]
INFO: Run Common\Behavior\TmplStripSpaceBehavior [ RunTime:0.000625s ]
INFO: [ view_filter ] --END-- [ RunTime:0.001177s ]
INFO: [ app_end ] --START--
INFO: Run Behavior\ShowPageTraceBehavior [ RunTime:0.001795s ]
INFO: [ app_end ] --END-- [ RunTime:0.002548s ]

[ 2018-04-05T17:43:37+08:00 ] 127.0.0.1 /admin/menu/index
INFO: [ app_begin ] --START--
INFO: Run Behavior\ReadHtmlCacheBehavior [ RunTime:0.000633s ]
INFO: Run Behavior\CheckLangBehavior [ RunTime:0.009980s ]
INFO: Run Common\Behavior\UrldecodeGetBehavior [ RunTime:0.000868s ]
INFO: [ app_begin ] --END-- [ RunTime:0.011997s ]
INFO: [ admin_begin ] --START--
INFO: Run Common\Behavior\AdminDefaultLangBehavior [ RunTime:0.003697s ]
INFO: [ admin_begin ] --END-- [ RunTime:0.003796s ]
SQL: SHOW COLUMNS FROM `jz_options` [ RunTime:0.0083s ]
SQL: SELECT `option_value` FROM `jz_options` WHERE `option_name` = 'extract' LIMIT 1   [ RunTime:0.0004s ]
SQL: SELECT `option_value` FROM `jz_options` WHERE `option_name` = 'bonus' LIMIT 1   [ RunTime:0.0003s ]
SQL: SHOW COLUMNS FROM `jz_users` [ RunTime:0.0074s ]
SQL: SELECT * FROM `jz_users` WHERE `id` = '1' LIMIT 1   [ RunTime:0.0003s ]
SQL: SHOW COLUMNS FROM `jz_menu` [ RunTime:0.0080s ]
NOTIC: D方法实例化没找到模型类Common\Model\AuthRuleModel
SQL: SHOW COLUMNS FROM `jz_auth_rule` [ RunTime:0.0076s ]
SQL: SELECT * FROM `jz_menu` ORDER BY `listorder` ASC  [ RunTime:0.0027s ]
INFO: [ view_parse ] --START--
INFO: [ template_filter ] --START--
INFO: Run Behavior\ContentReplaceBehavior [ RunTime:0.000058s ]
INFO: [ template_filter ] --END-- [ RunTime:0.000094s ]
INFO: Run Behavior\ParseTemplateBehavior [ RunTime:0.047839s ]
INFO: [ view_parse ] --END-- [ RunTime:0.047909s ]
INFO: [ view_filter ] --START--
INFO: Run Behavior\WriteHtmlCacheBehavior [ RunTime:0.001163s ]
INFO: Run Common\Behavior\TmplStripSpaceBehavior [ RunTime:0.000741s ]
INFO: [ view_filter ] --END-- [ RunTime:0.002002s ]
INFO: [ app_end ] --START--
INFO: Run Behavior\ShowPageTraceBehavior [ RunTime:0.001046s ]
INFO: [ app_end ] --END-- [ RunTime:0.001176s ]

[ 2018-04-05T17:45:58+08:00 ] 127.0.0.1 /Admin/Index/index
INFO: [ app_begin ] --START--
INFO: Run Behavior\ReadHtmlCacheBehavior [ RunTime:0.000888s ]
INFO: Run Behavior\CheckLangBehavior [ RunTime:0.001971s ]
INFO: Run Common\Behavior\UrldecodeGetBehavior [ RunTime:0.000430s ]
INFO: [ app_begin ] --END-- [ RunTime:0.003985s ]
INFO: [ admin_begin ] --START--
INFO: Run Common\Behavior\AdminDefaultLangBehavior [ RunTime:0.001792s ]
INFO: [ admin_begin ] --END-- [ RunTime:0.001849s ]
SQL: SHOW COLUMNS FROM `jz_options` [ RunTime:0.0060s ]
SQL: SELECT `option_value` FROM `jz_options` WHERE `option_name` = 'extract' LIMIT 1   [ RunTime:0.0004s ]
SQL: SELECT `option_value` FROM `jz_options` WHERE `option_name` = 'bonus' LIMIT 1   [ RunTime:0.0004s ]
SQL: SHOW COLUMNS FROM `jz_users` [ RunTime:0.0077s ]
SQL: SELECT * FROM `jz_users` WHERE `id` = '1' LIMIT 1   [ RunTime:0.0004s ]
SQL: SHOW COLUMNS FROM `jz_menu` [ RunTime:0.0085s ]
SQL: SELECT * FROM `jz_menu`  [ RunTime:0.0007s ]
SQL: SELECT * FROM `jz_menu` WHERE `parentid` = 0 AND `status` = 1 ORDER BY `listorder` ASC  [ RunTime:0.0009s ]
SQL: SELECT * FROM `jz_menu` WHERE `parentid` = 109 AND `status` = 1 ORDER BY `listorder` ASC  [ RunTime:0.0006s ]
SQL: SELECT * FROM `jz_menu` WHERE `parentid` = 110 AND `status` = 1 ORDER BY `listorder` ASC  [ RunTime:0.0005s ]
SQL: SELECT * FROM `jz_menu` WHERE `parentid` = 111 AND `status` = 1 ORDER BY `listorder` ASC  [ RunTime:0.0005s ]
SQL: SELECT * FROM `jz_menu` WHERE `parentid` = 113 AND `status` = 1 ORDER BY `listorder` ASC  [ RunTime:0.0004s ]
SQL: SELECT * FROM `jz_menu` WHERE `parentid` = 115 AND `status` = 1 ORDER BY `listorder` ASC  [ RunTime:0.0004s ]
SQL: SELECT * FROM `jz_menu` WHERE `parentid` = 139 AND `status` = 1 ORDER BY `listorder` ASC  [ RunTime:0.0004s ]
SQL: SELECT * FROM `jz_menu` WHERE `parentid` = 149 AND `status` = 1 ORDER BY `listorder` ASC  [ RunTime:0.0004s ]
SQL: SELECT * FROM `jz_menu` WHERE `parentid` = 188 AND `status` = 1 ORDER BY `listorder` ASC  [ RunTime:0.0004s ]
SQL: SELECT * FROM `jz_menu` WHERE `parentid` = 189 AND `status` = 1 ORDER BY `listorder` ASC  [ RunTime:0.0003s ]
SQL: SELECT * FROM `jz_menu` WHERE `parentid` = 190 AND `status` = 1 ORDER BY `listorder` ASC  [ RunTime:0.0004s ]
SQL: SELECT * FROM `jz_menu` WHERE `parentid` = 232 AND `status` = 1 ORDER BY `listorder` ASC  [ RunTime:0.0003s ]
SQL: SELECT * FROM `jz_menu` WHERE `parentid` = 225 AND `status` = 1 ORDER BY `listorder` ASC  [ RunTime:0.0005s ]
SQL: SELECT * FROM `jz_menu` WHERE `parentid` = 226 AND `status` = 1 ORDER BY `listorder` ASC  [ RunTime:0.0010s ]
SQL: SELECT * FROM `jz_menu` WHERE `parentid` = 227 AND `status` = 1 ORDER BY `listorder` ASC  [ RunTime:0.0011s ]
SQL: SELECT * FROM `jz_menu` WHERE `parentid` = 40 AND `status` = 1 ORDER BY `listorder` ASC  [ RunTime:0.0006s ]
SQL: SELECT * FROM `jz_menu` WHERE `parentid` = 41 AND `status` = 1 ORDER BY `listorder` ASC  [ RunTime:0.0004s ]
SQL: SELECT * FROM `jz_menu` WHERE `parentid` = 42 AND `status` = 1 ORDER BY `listorder` ASC  [ RunTime:0.0005s ]
SQL: SELECT * FROM `jz_menu` WHERE `parentid` = 221 AND `status` = 1 ORDER BY `listorder` ASC  [ RunTime:0.0009s ]
SQL: SELECT * FROM `jz_menu` WHERE `parentid` = 222 AND `status` = 1 ORDER BY `listorder` ASC  [ RunTime:0.0005s ]
SQL: SELECT * FROM `jz_menu` WHERE `parentid` = 223 AND `status` = 1 ORDER BY `listorder` ASC  [ RunTime:0.0006s ]
SQL: SELECT * FROM `jz_menu` WHERE `parentid` = 228 AND `status` = 1 ORDER BY `listorder` ASC  [ RunTime:0.0005s ]
INFO: [ view_parse ] --START--
INFO: [ template_filter ] --START--
INFO: Run Behavior\ContentReplaceBehavior [ RunTime:0.000151s ]
INFO: [ template_filter ] --END-- [ RunTime:0.000200s ]
NOTIC: [8] Undefined variable: Think D:\wwwroot\h5qpdy\data\runtime\Cache\Admin\0f49432bcab676584a1e14a51b3c5bcf.php 第 167 行.
INFO: Run Behavior\ParseTemplateBehavior [ RunTime:0.014238s ]
INFO: [ view_parse ] --END-- [ RunTime:0.014273s ]
INFO: [ view_filter ] --START--
INFO: Run Behavior\WriteHtmlCacheBehavior [ RunTime:0.000420s ]
INFO: Run Common\Behavior\TmplStripSpaceBehavior [ RunTime:0.000534s ]
INFO: [ view_filter ] --END-- [ RunTime:0.001007s ]
INFO: [ app_end ] --START--
INFO: Run Behavior\ShowPageTraceBehavior [ RunTime:0.000836s ]
INFO: [ app_end ] --END-- [ RunTime:0.000883s ]

[ 2018-04-05T17:45:58+08:00 ] 127.0.0.1 /Admin/Main/index
INFO: [ app_begin ] --START--
INFO: Run Behavior\ReadHtmlCacheBehavior [ RunTime:0.000885s ]
INFO: Run Behavior\CheckLangBehavior [ RunTime:0.007902s ]
INFO: Run Common\Behavior\UrldecodeGetBehavior [ RunTime:0.001473s ]
INFO: [ app_begin ] --END-- [ RunTime:0.013596s ]
INFO: [ admin_begin ] --START--
INFO: Run Common\Behavior\AdminDefaultLangBehavior [ RunTime:0.008227s ]
INFO: [ admin_begin ] --END-- [ RunTime:0.008310s ]
SQL: SHOW COLUMNS FROM `jz_options` [ RunTime:0.0080s ]
SQL: SELECT `option_value` FROM `jz_options` WHERE `option_name` = 'extract' LIMIT 1   [ RunTime:0.0005s ]
SQL: SELECT `option_value` FROM `jz_options` WHERE `option_name` = 'bonus' LIMIT 1   [ RunTime:0.0005s ]
SQL: SHOW COLUMNS FROM `jz_users` [ RunTime:0.0091s ]
SQL: SELECT * FROM `jz_users` WHERE `id` = '1' LIMIT 1   [ RunTime:0.0006s ]
SQL: select VERSION() as version [ RunTime:0.0002s ]
INFO: [ view_parse ] --START--
INFO: [ template_filter ] --START--
INFO: Run Behavior\ContentReplaceBehavior [ RunTime:0.000058s ]
INFO: [ template_filter ] --END-- [ RunTime:0.000106s ]
INFO: Run Behavior\ParseTemplateBehavior [ RunTime:0.015245s ]
INFO: [ view_parse ] --END-- [ RunTime:0.015310s ]
INFO: [ view_filter ] --START--
INFO: Run Behavior\WriteHtmlCacheBehavior [ RunTime:0.000686s ]
INFO: Run Common\Behavior\TmplStripSpaceBehavior [ RunTime:0.000803s ]
INFO: [ view_filter ] --END-- [ RunTime:0.001573s ]
INFO: [ app_end ] --START--
INFO: Run Behavior\ShowPageTraceBehavior [ RunTime:0.001080s ]
INFO: [ app_end ] --END-- [ RunTime:0.001135s ]

